{"E:\\7th Semester\\NLP\\Project\\backend\\src\\app.js": {"path":"E:\\7th Semester\\NLP\\Project\\backend\\src\\app.js","statementMap":{"0":{"start":{"line":1,"column":16},"end":{"line":1,"column":34}},"1":{"start":{"line":2,"column":13},"end":{"line":2,"column":28}},"2":{"start":{"line":3,"column":15},"end":{"line":3,"column":32}},"3":{"start":{"line":4,"column":21},"end":{"line":4,"column":45}},"4":{"start":{"line":5,"column":16},"end":{"line":5,"column":42}},"5":{"start":{"line":6,"column":17},"end":{"line":6,"column":36}},"6":{"start":{"line":7,"column":13},"end":{"line":7,"column":28}},"7":{"start":{"line":8,"column":18},"end":{"line":8,"column":47}},"8":{"start":{"line":9,"column":21},"end":{"line":9,"column":48}},"9":{"start":{"line":12,"column":19},"end":{"line":12,"column":50}},"10":{"start":{"line":13,"column":27},"end":{"line":13,"column":66}},"11":{"start":{"line":14,"column":22},"end":{"line":14,"column":56}},"12":{"start":{"line":15,"column":23},"end":{"line":15,"column":58}},"13":{"start":{"line":16,"column":21},"end":{"line":16,"column":54}},"14":{"start":{"line":17,"column":23},"end":{"line":17,"column":58}},"15":{"start":{"line":18,"column":21},"end":{"line":18,"column":54}},"16":{"start":{"line":19,"column":23},"end":{"line":19,"column":58}},"17":{"start":{"line":22,"column":25},"end":{"line":22,"column":65}},"18":{"start":{"line":25,"column":0},"end":{"line":25,"column":29}},"19":{"start":{"line":27,"column":12},"end":{"line":27,"column":21}},"20":{"start":{"line":30,"column":0},"end":{"line":32,"column":4}},"21":{"start":{"line":35,"column":0},"end":{"line":40,"column":4}},"22":{"start":{"line":43,"column":0},"end":{"line":46,"column":2}},"23":{"start":{"line":49,"column":0},"end":{"line":49,"column":41}},"24":{"start":{"line":50,"column":0},"end":{"line":50,"column":63}},"25":{"start":{"line":51,"column":0},"end":{"line":51,"column":24}},"26":{"start":{"line":54,"column":0},"end":{"line":63,"column":4}},"27":{"start":{"line":66,"column":0},"end":{"line":66,"column":31}},"28":{"start":{"line":67,"column":0},"end":{"line":67,"column":28}},"29":{"start":{"line":70,"column":0},"end":{"line":70,"column":72}},"30":{"start":{"line":73,"column":0},"end":{"line":75,"column":3}},"31":{"start":{"line":74,"column":4},"end":{"line":74,"column":80}},"32":{"start":{"line":78,"column":0},"end":{"line":78,"column":69}},"33":{"start":{"line":81,"column":0},"end":{"line":81,"column":33}},"34":{"start":{"line":82,"column":0},"end":{"line":82,"column":50}},"35":{"start":{"line":83,"column":0},"end":{"line":83,"column":40}},"36":{"start":{"line":84,"column":0},"end":{"line":84,"column":42}},"37":{"start":{"line":85,"column":0},"end":{"line":85,"column":37}},"38":{"start":{"line":86,"column":0},"end":{"line":86,"column":42}},"39":{"start":{"line":87,"column":0},"end":{"line":87,"column":39}},"40":{"start":{"line":88,"column":0},"end":{"line":88,"column":41}},"41":{"start":{"line":91,"column":0},"end":{"line":93,"column":3}},"42":{"start":{"line":92,"column":4},"end":{"line":92,"column":55}},"43":{"start":{"line":96,"column":0},"end":{"line":96,"column":22}},"44":{"start":{"line":98,"column":0},"end":{"line":98,"column":21}}},"fnMap":{"0":{"name":"(anonymous_0)","decl":{"start":{"line":73,"column":19},"end":{"line":73,"column":20}},"loc":{"start":{"line":73,"column":33},"end":{"line":75,"column":1}},"line":73},"1":{"name":"(anonymous_1)","decl":{"start":{"line":91,"column":8},"end":{"line":91,"column":9}},"loc":{"start":{"line":91,"column":22},"end":{"line":93,"column":1}},"line":91}},"branchMap":{"0":{"loc":{"start":{"line":36,"column":12},"end":{"line":36,"column":61}},"type":"binary-expr","locations":[{"start":{"line":36,"column":12},"end":{"line":36,"column":34}},{"start":{"line":36,"column":38},"end":{"line":36,"column":61}}],"line":36},"1":{"loc":{"start":{"line":55,"column":12},"end":{"line":55,"column":63}},"type":"binary-expr","locations":[{"start":{"line":55,"column":12},"end":{"line":55,"column":38}},{"start":{"line":55,"column":42},"end":{"line":55,"column":63}}],"line":55}},"s":{"0":2,"1":2,"2":2,"3":2,"4":2,"5":2,"6":2,"7":2,"8":2,"9":2,"10":2,"11":2,"12":2,"13":2,"14":2,"15":2,"16":2,"17":2,"18":2,"19":2,"20":2,"21":2,"22":2,"23":2,"24":2,"25":2,"26":2,"27":2,"28":2,"29":2,"30":2,"31":1,"32":2,"33":2,"34":2,"35":2,"36":2,"37":2,"38":2,"39":2,"40":2,"41":2,"42":1,"43":2,"44":2},"f":{"0":1,"1":1},"b":{"0":[2,2],"1":[2,2]},"_coverageSchema":"1a1c01bbd47fc00a2c39e90264f33305004495a9","hash":"36b10bc427058bd74f6b611cd4bb5de86f050a13"}
,"E:\\7th Semester\\NLP\\Project\\backend\\src\\controllers\\auth.controller.js": {"path":"E:\\7th Semester\\NLP\\Project\\backend\\src\\controllers\\auth.controller.js","statementMap":{"0":{"start":{"line":1,"column":17},"end":{"line":1,"column":36}},"1":{"start":{"line":2,"column":15},"end":{"line":2,"column":34}},"2":{"start":{"line":3,"column":13},"end":{"line":3,"column":38}},"3":{"start":{"line":4,"column":21},"end":{"line":4,"column":54}},"4":{"start":{"line":5,"column":26},"end":{"line":5,"column":49}},"5":{"start":{"line":6,"column":35},"end":{"line":6,"column":76}},"6":{"start":{"line":14,"column":17},"end":{"line":64,"column":2}},"7":{"start":{"line":15,"column":38},"end":{"line":15,"column":46}},"8":{"start":{"line":18,"column":4},"end":{"line":20,"column":5}},"9":{"start":{"line":19,"column":8},"end":{"line":19,"column":74}},"10":{"start":{"line":22,"column":4},"end":{"line":24,"column":5}},"11":{"start":{"line":23,"column":8},"end":{"line":23,"column":74}},"12":{"start":{"line":27,"column":25},"end":{"line":27,"column":75}},"13":{"start":{"line":28,"column":4},"end":{"line":30,"column":5}},"14":{"start":{"line":29,"column":8},"end":{"line":29,"column":77}},"15":{"start":{"line":33,"column":16},"end":{"line":33,"column":70}},"16":{"start":{"line":34,"column":23},"end":{"line":34,"column":60}},"17":{"start":{"line":37,"column":17},"end":{"line":45,"column":6}},"18":{"start":{"line":48,"column":4},"end":{"line":52,"column":7}},"19":{"start":{"line":55,"column":32},"end":{"line":55,"column":75}},"20":{"start":{"line":56,"column":4},"end":{"line":56,"column":50}},"21":{"start":{"line":58,"column":4},"end":{"line":63,"column":7}},"22":{"start":{"line":69,"column":20},"end":{"line":120,"column":2}},"23":{"start":{"line":70,"column":27},"end":{"line":70,"column":35}},"24":{"start":{"line":72,"column":4},"end":{"line":74,"column":5}},"25":{"start":{"line":73,"column":8},"end":{"line":73,"column":62}},"26":{"start":{"line":76,"column":17},"end":{"line":78,"column":47}},"27":{"start":{"line":80,"column":4},"end":{"line":82,"column":5}},"28":{"start":{"line":81,"column":8},"end":{"line":81,"column":50}},"29":{"start":{"line":84,"column":4},"end":{"line":86,"column":5}},"30":{"start":{"line":85,"column":8},"end":{"line":85,"column":78}},"31":{"start":{"line":88,"column":4},"end":{"line":90,"column":5}},"32":{"start":{"line":89,"column":8},"end":{"line":89,"column":59}},"33":{"start":{"line":92,"column":4},"end":{"line":94,"column":5}},"34":{"start":{"line":93,"column":8},"end":{"line":93,"column":61}},"35":{"start":{"line":96,"column":4},"end":{"line":98,"column":5}},"36":{"start":{"line":97,"column":8},"end":{"line":97,"column":65}},"37":{"start":{"line":101,"column":4},"end":{"line":101,"column":31}},"38":{"start":{"line":102,"column":4},"end":{"line":102,"column":38}},"39":{"start":{"line":103,"column":4},"end":{"line":103,"column":33}},"40":{"start":{"line":104,"column":4},"end":{"line":104,"column":22}},"41":{"start":{"line":107,"column":18},"end":{"line":107,"column":41}},"42":{"start":{"line":109,"column":4},"end":{"line":119,"column":7}},"43":{"start":{"line":125,"column":18},"end":{"line":158,"column":2}},"44":{"start":{"line":126,"column":22},"end":{"line":126,"column":30}},"45":{"start":{"line":128,"column":4},"end":{"line":130,"column":5}},"46":{"start":{"line":129,"column":8},"end":{"line":129,"column":53}},"47":{"start":{"line":132,"column":17},"end":{"line":132,"column":67}},"48":{"start":{"line":134,"column":4},"end":{"line":136,"column":5}},"49":{"start":{"line":135,"column":8},"end":{"line":135,"column":50}},"50":{"start":{"line":138,"column":4},"end":{"line":140,"column":5}},"51":{"start":{"line":139,"column":8},"end":{"line":139,"column":61}},"52":{"start":{"line":143,"column":16},"end":{"line":143,"column":70}},"53":{"start":{"line":144,"column":23},"end":{"line":144,"column":60}},"54":{"start":{"line":146,"column":4},"end":{"line":146,"column":32}},"55":{"start":{"line":147,"column":4},"end":{"line":147,"column":34}},"56":{"start":{"line":148,"column":4},"end":{"line":148,"column":22}},"57":{"start":{"line":151,"column":32},"end":{"line":151,"column":75}},"58":{"start":{"line":152,"column":4},"end":{"line":152,"column":50}},"59":{"start":{"line":154,"column":4},"end":{"line":157,"column":7}},"60":{"start":{"line":163,"column":14},"end":{"line":203,"column":2}},"61":{"start":{"line":164,"column":32},"end":{"line":164,"column":40}},"62":{"start":{"line":167,"column":4},"end":{"line":169,"column":5}},"63":{"start":{"line":168,"column":8},"end":{"line":168,"column":67}},"64":{"start":{"line":172,"column":17},"end":{"line":172,"column":87}},"65":{"start":{"line":174,"column":4},"end":{"line":176,"column":5}},"66":{"start":{"line":175,"column":8},"end":{"line":175,"column":61}},"67":{"start":{"line":179,"column":4},"end":{"line":181,"column":5}},"68":{"start":{"line":180,"column":8},"end":{"line":180,"column":95}},"69":{"start":{"line":184,"column":20},"end":{"line":184,"column":56}},"70":{"start":{"line":185,"column":4},"end":{"line":187,"column":5}},"71":{"start":{"line":186,"column":8},"end":{"line":186,"column":61}},"72":{"start":{"line":190,"column":18},"end":{"line":190,"column":41}},"73":{"start":{"line":192,"column":4},"end":{"line":202,"column":7}},"74":{"start":{"line":208,"column":19},"end":{"line":219,"column":2}},"75":{"start":{"line":224,"column":23},"end":{"line":248,"column":1}},"76":{"start":{"line":230,"column":21},"end":{"line":230,"column":29}},"77":{"start":{"line":233,"column":22},"end":{"line":233,"column":45}},"78":{"start":{"line":236,"column":37},"end":{"line":236,"column":86}},"79":{"start":{"line":237,"column":8},"end":{"line":243,"column":9}},"80":{"start":{"line":238,"column":12},"end":{"line":242,"column":15}},"81":{"start":{"line":246,"column":8},"end":{"line":246,"column":79}},"82":{"start":{"line":253,"column":23},"end":{"line":288,"column":2}},"83":{"start":{"line":254,"column":17},"end":{"line":254,"column":103}},"84":{"start":{"line":256,"column":4},"end":{"line":258,"column":5}},"85":{"start":{"line":257,"column":8},"end":{"line":257,"column":65}},"86":{"start":{"line":261,"column":25},"end":{"line":261,"column":74}},"87":{"start":{"line":263,"column":4},"end":{"line":287,"column":7}},"88":{"start":{"line":293,"column":15},"end":{"line":300,"column":2}},"89":{"start":{"line":294,"column":4},"end":{"line":294,"column":29}},"90":{"start":{"line":296,"column":4},"end":{"line":299,"column":7}},"91":{"start":{"line":305,"column":21},"end":{"line":313,"column":2}},"92":{"start":{"line":306,"column":17},"end":{"line":306,"column":25}},"93":{"start":{"line":307,"column":18},"end":{"line":307,"column":41}},"94":{"start":{"line":309,"column":4},"end":{"line":312,"column":7}},"95":{"start":{"line":318,"column":22},"end":{"line":342,"column":2}},"96":{"start":{"line":319,"column":21},"end":{"line":319,"column":29}},"97":{"start":{"line":321,"column":17},"end":{"line":321,"column":50}},"98":{"start":{"line":323,"column":4},"end":{"line":325,"column":5}},"99":{"start":{"line":324,"column":8},"end":{"line":324,"column":25}},"100":{"start":{"line":327,"column":4},"end":{"line":329,"column":5}},"101":{"start":{"line":328,"column":8},"end":{"line":328,"column":62}},"102":{"start":{"line":331,"column":4},"end":{"line":331,"column":22}},"103":{"start":{"line":333,"column":4},"end":{"line":341,"column":7}},"104":{"start":{"line":347,"column":22},"end":{"line":362,"column":2}},"105":{"start":{"line":348,"column":19},"end":{"line":348,"column":31}},"106":{"start":{"line":351,"column":4},"end":{"line":351,"column":54}},"107":{"start":{"line":354,"column":4},"end":{"line":354,"column":41}},"108":{"start":{"line":356,"column":4},"end":{"line":356,"column":29}},"109":{"start":{"line":358,"column":4},"end":{"line":361,"column":7}},"110":{"start":{"line":364,"column":0},"end":{"line":376,"column":2}}},"fnMap":{"0":{"name":"(anonymous_0)","decl":{"start":{"line":14,"column":30},"end":{"line":14,"column":31}},"loc":{"start":{"line":14,"column":50},"end":{"line":64,"column":1}},"line":14},"1":{"name":"(anonymous_1)","decl":{"start":{"line":69,"column":33},"end":{"line":69,"column":34}},"loc":{"start":{"line":69,"column":53},"end":{"line":120,"column":1}},"line":69},"2":{"name":"(anonymous_2)","decl":{"start":{"line":125,"column":31},"end":{"line":125,"column":32}},"loc":{"start":{"line":125,"column":51},"end":{"line":158,"column":1}},"line":125},"3":{"name":"(anonymous_3)","decl":{"start":{"line":163,"column":27},"end":{"line":163,"column":28}},"loc":{"start":{"line":163,"column":47},"end":{"line":203,"column":1}},"line":163},"4":{"name":"(anonymous_4)","decl":{"start":{"line":229,"column":17},"end":{"line":229,"column":18}},"loc":{"start":{"line":229,"column":37},"end":{"line":247,"column":5}},"line":229},"5":{"name":"(anonymous_5)","decl":{"start":{"line":253,"column":36},"end":{"line":253,"column":37}},"loc":{"start":{"line":253,"column":56},"end":{"line":288,"column":1}},"line":253},"6":{"name":"(anonymous_6)","decl":{"start":{"line":293,"column":28},"end":{"line":293,"column":29}},"loc":{"start":{"line":293,"column":48},"end":{"line":300,"column":1}},"line":293},"7":{"name":"(anonymous_7)","decl":{"start":{"line":305,"column":34},"end":{"line":305,"column":35}},"loc":{"start":{"line":305,"column":54},"end":{"line":313,"column":1}},"line":305},"8":{"name":"(anonymous_8)","decl":{"start":{"line":318,"column":35},"end":{"line":318,"column":36}},"loc":{"start":{"line":318,"column":55},"end":{"line":342,"column":1}},"line":318},"9":{"name":"(anonymous_9)","decl":{"start":{"line":347,"column":35},"end":{"line":347,"column":36}},"loc":{"start":{"line":347,"column":55},"end":{"line":362,"column":1}},"line":347}},"branchMap":{"0":{"loc":{"start":{"line":18,"column":4},"end":{"line":20,"column":5}},"type":"if","locations":[{"start":{"line":18,"column":4},"end":{"line":20,"column":5}},{"start":{},"end":{}}],"line":18},"1":{"loc":{"start":{"line":18,"column":8},"end":{"line":18,"column":36}},"type":"binary-expr","locations":[{"start":{"line":18,"column":8},"end":{"line":18,"column":13}},{"start":{"line":18,"column":17},"end":{"line":18,"column":23}},{"start":{"line":18,"column":27},"end":{"line":18,"column":36}}],"line":18},"2":{"loc":{"start":{"line":22,"column":4},"end":{"line":24,"column":5}},"type":"if","locations":[{"start":{"line":22,"column":4},"end":{"line":24,"column":5}},{"start":{},"end":{}}],"line":22},"3":{"loc":{"start":{"line":28,"column":4},"end":{"line":30,"column":5}},"type":"if","locations":[{"start":{"line":28,"column":4},"end":{"line":30,"column":5}},{"start":{},"end":{}}],"line":28},"4":{"loc":{"start":{"line":72,"column":4},"end":{"line":74,"column":5}},"type":"if","locations":[{"start":{"line":72,"column":4},"end":{"line":74,"column":5}},{"start":{},"end":{}}],"line":72},"5":{"loc":{"start":{"line":72,"column":8},"end":{"line":72,"column":22}},"type":"binary-expr","locations":[{"start":{"line":72,"column":8},"end":{"line":72,"column":14}},{"start":{"line":72,"column":18},"end":{"line":72,"column":22}}],"line":72},"6":{"loc":{"start":{"line":80,"column":4},"end":{"line":82,"column":5}},"type":"if","locations":[{"start":{"line":80,"column":4},"end":{"line":82,"column":5}},{"start":{},"end":{}}],"line":80},"7":{"loc":{"start":{"line":84,"column":4},"end":{"line":86,"column":5}},"type":"if","locations":[{"start":{"line":84,"column":4},"end":{"line":86,"column":5}},{"start":{},"end":{}}],"line":84},"8":{"loc":{"start":{"line":88,"column":4},"end":{"line":90,"column":5}},"type":"if","locations":[{"start":{"line":88,"column":4},"end":{"line":90,"column":5}},{"start":{},"end":{}}],"line":88},"9":{"loc":{"start":{"line":88,"column":8},"end":{"line":88,"column":51}},"type":"binary-expr","locations":[{"start":{"line":88,"column":8},"end":{"line":88,"column":30}},{"start":{"line":88,"column":34},"end":{"line":88,"column":51}}],"line":88},"10":{"loc":{"start":{"line":92,"column":4},"end":{"line":94,"column":5}},"type":"if","locations":[{"start":{"line":92,"column":4},"end":{"line":94,"column":5}},{"start":{},"end":{}}],"line":92},"11":{"loc":{"start":{"line":96,"column":4},"end":{"line":98,"column":5}},"type":"if","locations":[{"start":{"line":96,"column":4},"end":{"line":98,"column":5}},{"start":{},"end":{}}],"line":96},"12":{"loc":{"start":{"line":128,"column":4},"end":{"line":130,"column":5}},"type":"if","locations":[{"start":{"line":128,"column":4},"end":{"line":130,"column":5}},{"start":{},"end":{}}],"line":128},"13":{"loc":{"start":{"line":134,"column":4},"end":{"line":136,"column":5}},"type":"if","locations":[{"start":{"line":134,"column":4},"end":{"line":136,"column":5}},{"start":{},"end":{}}],"line":134},"14":{"loc":{"start":{"line":138,"column":4},"end":{"line":140,"column":5}},"type":"if","locations":[{"start":{"line":138,"column":4},"end":{"line":140,"column":5}},{"start":{},"end":{}}],"line":138},"15":{"loc":{"start":{"line":167,"column":4},"end":{"line":169,"column":5}},"type":"if","locations":[{"start":{"line":167,"column":4},"end":{"line":169,"column":5}},{"start":{},"end":{}}],"line":167},"16":{"loc":{"start":{"line":167,"column":8},"end":{"line":167,"column":27}},"type":"binary-expr","locations":[{"start":{"line":167,"column":8},"end":{"line":167,"column":14}},{"start":{"line":167,"column":18},"end":{"line":167,"column":27}}],"line":167},"17":{"loc":{"start":{"line":174,"column":4},"end":{"line":176,"column":5}},"type":"if","locations":[{"start":{"line":174,"column":4},"end":{"line":176,"column":5}},{"start":{},"end":{}}],"line":174},"18":{"loc":{"start":{"line":179,"column":4},"end":{"line":181,"column":5}},"type":"if","locations":[{"start":{"line":179,"column":4},"end":{"line":181,"column":5}},{"start":{},"end":{}}],"line":179},"19":{"loc":{"start":{"line":179,"column":8},"end":{"line":179,"column":57}},"type":"binary-expr","locations":[{"start":{"line":179,"column":8},"end":{"line":179,"column":39}},{"start":{"line":179,"column":43},"end":{"line":179,"column":57}}],"line":179},"20":{"loc":{"start":{"line":185,"column":4},"end":{"line":187,"column":5}},"type":"if","locations":[{"start":{"line":185,"column":4},"end":{"line":187,"column":5}},{"start":{},"end":{}}],"line":185},"21":{"loc":{"start":{"line":237,"column":8},"end":{"line":243,"column":9}},"type":"if","locations":[{"start":{"line":237,"column":8},"end":{"line":243,"column":9}},{"start":{},"end":{}}],"line":237},"22":{"loc":{"start":{"line":256,"column":4},"end":{"line":258,"column":5}},"type":"if","locations":[{"start":{"line":256,"column":4},"end":{"line":258,"column":5}},{"start":{},"end":{}}],"line":256},"23":{"loc":{"start":{"line":275,"column":22},"end":{"line":280,"column":16}},"type":"cond-expr","locations":[{"start":{"line":275,"column":37},"end":{"line":280,"column":9}},{"start":{"line":280,"column":12},"end":{"line":280,"column":16}}],"line":275},"24":{"loc":{"start":{"line":311,"column":20},"end":{"line":311,"column":54}},"type":"binary-expr","locations":[{"start":{"line":311,"column":20},"end":{"line":311,"column":46}},{"start":{"line":311,"column":50},"end":{"line":311,"column":54}}],"line":311},"25":{"loc":{"start":{"line":323,"column":4},"end":{"line":325,"column":5}},"type":"if","locations":[{"start":{"line":323,"column":4},"end":{"line":325,"column":5}},{"start":{},"end":{}}],"line":323},"26":{"loc":{"start":{"line":327,"column":4},"end":{"line":329,"column":5}},"type":"if","locations":[{"start":{"line":327,"column":4},"end":{"line":329,"column":5}},{"start":{},"end":{}}],"line":327}},"s":{"0":6,"1":6,"2":6,"3":6,"4":6,"5":6,"6":6,"7":1,"8":1,"9":1,"10":0,"11":0,"12":0,"13":0,"14":0,"15":0,"16":0,"17":0,"18":0,"19":0,"20":0,"21":0,"22":6,"23":1,"24":1,"25":1,"26":0,"27":0,"28":0,"29":0,"30":0,"31":0,"32":0,"33":0,"34":0,"35":0,"36":0,"37":0,"38":0,"39":0,"40":0,"41":0,"42":0,"43":6,"44":1,"45":1,"46":1,"47":0,"48":0,"49":0,"50":0,"51":0,"52":0,"53":0,"54":0,"55":0,"56":0,"57":0,"58":0,"59":0,"60":6,"61":1,"62":1,"63":0,"64":1,"65":1,"66":0,"67":1,"68":0,"69":1,"70":1,"71":0,"72":1,"73":1,"74":6,"75":6,"76":0,"77":0,"78":0,"79":0,"80":0,"81":0,"82":6,"83":0,"84":0,"85":0,"86":0,"87":0,"88":6,"89":1,"90":1,"91":6,"92":1,"93":1,"94":1,"95":6,"96":0,"97":0,"98":0,"99":0,"100":0,"101":0,"102":0,"103":0,"104":6,"105":0,"106":0,"107":0,"108":0,"109":0,"110":6},"f":{"0":1,"1":1,"2":1,"3":1,"4":0,"5":0,"6":1,"7":1,"8":0,"9":0},"b":{"0":[1,0],"1":[1,0,0],"2":[0,0],"3":[0,0],"4":[1,0],"5":[1,1],"6":[0,0],"7":[0,0],"8":[0,0],"9":[0,0],"10":[0,0],"11":[0,0],"12":[1,0],"13":[0,0],"14":[0,0],"15":[0,1],"16":[1,1],"17":[0,1],"18":[0,1],"19":[1,0],"20":[0,1],"21":[0,0],"22":[0,0],"23":[0,0],"24":[1,0],"25":[0,0],"26":[0,0]},"_coverageSchema":"1a1c01bbd47fc00a2c39e90264f33305004495a9","hash":"f58118be027c39d09ce5ebabf3403779a8cb2828"}
,"E:\\7th Semester\\NLP\\Project\\backend\\src\\controllers\\reminder.controller.js": {"path":"E:\\7th Semester\\NLP\\Project\\backend\\src\\controllers\\reminder.controller.js","statementMap":{"0":{"start":{"line":1,"column":17},"end":{"line":1,"column":46}},"1":{"start":{"line":2,"column":25},"end":{"line":2,"column":66}},"2":{"start":{"line":3,"column":50},"end":{"line":3,"column":77}},"3":{"start":{"line":8,"column":23},"end":{"line":44,"column":2}},"4":{"start":{"line":9,"column":68},"end":{"line":9,"column":76}},"5":{"start":{"line":11,"column":4},"end":{"line":15,"column":5}},"6":{"start":{"line":12,"column":8},"end":{"line":14,"column":11}},"7":{"start":{"line":17,"column":25},"end":{"line":17,"column":45}},"8":{"start":{"line":19,"column":4},"end":{"line":23,"column":5}},"9":{"start":{"line":20,"column":8},"end":{"line":22,"column":11}},"10":{"start":{"line":25,"column":21},"end":{"line":33,"column":6}},"11":{"start":{"line":35,"column":4},"end":{"line":43,"column":7}},"12":{"start":{"line":49,"column":21},"end":{"line":74,"column":2}},"13":{"start":{"line":50,"column":46},"end":{"line":50,"column":55}},"14":{"start":{"line":51,"column":53},"end":{"line":51,"column":74}},"15":{"start":{"line":53,"column":18},"end":{"line":53,"column":43}},"16":{"start":{"line":55,"column":4},"end":{"line":57,"column":5}},"17":{"start":{"line":56,"column":8},"end":{"line":56,"column":44}},"18":{"start":{"line":59,"column":4},"end":{"line":62,"column":5}},"19":{"start":{"line":60,"column":8},"end":{"line":60,"column":47}},"20":{"start":{"line":61,"column":8},"end":{"line":61,"column":33}},"21":{"start":{"line":64,"column":31},"end":{"line":71,"column":6}},"22":{"start":{"line":73,"column":4},"end":{"line":73,"column":68}},"23":{"start":{"line":79,"column":20},"end":{"line":92,"column":2}},"24":{"start":{"line":80,"column":19},"end":{"line":80,"column":29}},"25":{"start":{"line":82,"column":21},"end":{"line":85,"column":46}},"26":{"start":{"line":87,"column":4},"end":{"line":89,"column":5}},"27":{"start":{"line":88,"column":8},"end":{"line":88,"column":69}},"28":{"start":{"line":91,"column":4},"end":{"line":91,"column":27}},"29":{"start":{"line":97,"column":23},"end":{"line":131,"column":2}},"30":{"start":{"line":98,"column":19},"end":{"line":98,"column":29}},"31":{"start":{"line":99,"column":56},"end":{"line":99,"column":64}},"32":{"start":{"line":101,"column":21},"end":{"line":104,"column":6}},"33":{"start":{"line":106,"column":4},"end":{"line":108,"column":5}},"34":{"start":{"line":107,"column":8},"end":{"line":107,"column":69}},"35":{"start":{"line":110,"column":4},"end":{"line":112,"column":5}},"36":{"start":{"line":111,"column":8},"end":{"line":111,"column":80}},"37":{"start":{"line":114,"column":4},"end":{"line":114,"column":35}},"38":{"start":{"line":114,"column":14},"end":{"line":114,"column":35}},"39":{"start":{"line":115,"column":4},"end":{"line":115,"column":44}},"40":{"start":{"line":115,"column":17},"end":{"line":115,"column":44}},"41":{"start":{"line":116,"column":4},"end":{"line":122,"column":5}},"42":{"start":{"line":117,"column":29},"end":{"line":117,"column":49}},"43":{"start":{"line":118,"column":8},"end":{"line":120,"column":9}},"44":{"start":{"line":119,"column":12},"end":{"line":119,"column":92}},"45":{"start":{"line":121,"column":8},"end":{"line":121,"column":42}},"46":{"start":{"line":123,"column":4},"end":{"line":123,"column":62}},"47":{"start":{"line":123,"column":23},"end":{"line":123,"column":62}},"48":{"start":{"line":125,"column":4},"end":{"line":125,"column":26}},"49":{"start":{"line":127,"column":4},"end":{"line":130,"column":7}},"50":{"start":{"line":136,"column":23},"end":{"line":151,"column":2}},"51":{"start":{"line":137,"column":19},"end":{"line":137,"column":29}},"52":{"start":{"line":139,"column":21},"end":{"line":142,"column":6}},"53":{"start":{"line":144,"column":4},"end":{"line":146,"column":5}},"54":{"start":{"line":145,"column":8},"end":{"line":145,"column":69}},"55":{"start":{"line":148,"column":4},"end":{"line":148,"column":31}},"56":{"start":{"line":150,"column":4},"end":{"line":150,"column":61}},"57":{"start":{"line":156,"column":23},"end":{"line":179,"column":2}},"58":{"start":{"line":157,"column":19},"end":{"line":157,"column":29}},"59":{"start":{"line":159,"column":21},"end":{"line":162,"column":6}},"60":{"start":{"line":164,"column":4},"end":{"line":166,"column":5}},"61":{"start":{"line":165,"column":8},"end":{"line":165,"column":69}},"62":{"start":{"line":168,"column":4},"end":{"line":170,"column":5}},"63":{"start":{"line":169,"column":8},"end":{"line":169,"column":81}},"64":{"start":{"line":172,"column":4},"end":{"line":172,"column":34}},"65":{"start":{"line":173,"column":4},"end":{"line":173,"column":26}},"66":{"start":{"line":175,"column":4},"end":{"line":178,"column":7}},"67":{"start":{"line":181,"column":0},"end":{"line":188,"column":2}}},"fnMap":{"0":{"name":"(anonymous_0)","decl":{"start":{"line":8,"column":36},"end":{"line":8,"column":37}},"loc":{"start":{"line":8,"column":56},"end":{"line":44,"column":1}},"line":8},"1":{"name":"(anonymous_1)","decl":{"start":{"line":49,"column":34},"end":{"line":49,"column":35}},"loc":{"start":{"line":49,"column":54},"end":{"line":74,"column":1}},"line":49},"2":{"name":"(anonymous_2)","decl":{"start":{"line":79,"column":33},"end":{"line":79,"column":34}},"loc":{"start":{"line":79,"column":53},"end":{"line":92,"column":1}},"line":79},"3":{"name":"(anonymous_3)","decl":{"start":{"line":97,"column":36},"end":{"line":97,"column":37}},"loc":{"start":{"line":97,"column":56},"end":{"line":131,"column":1}},"line":97},"4":{"name":"(anonymous_4)","decl":{"start":{"line":136,"column":36},"end":{"line":136,"column":37}},"loc":{"start":{"line":136,"column":56},"end":{"line":151,"column":1}},"line":136},"5":{"name":"(anonymous_5)","decl":{"start":{"line":156,"column":36},"end":{"line":156,"column":37}},"loc":{"start":{"line":156,"column":56},"end":{"line":179,"column":1}},"line":156}},"branchMap":{"0":{"loc":{"start":{"line":11,"column":4},"end":{"line":15,"column":5}},"type":"if","locations":[{"start":{"line":11,"column":4},"end":{"line":15,"column":5}},{"start":{},"end":{}}],"line":11},"1":{"loc":{"start":{"line":11,"column":8},"end":{"line":11,"column":27}},"type":"binary-expr","locations":[{"start":{"line":11,"column":8},"end":{"line":11,"column":13}},{"start":{"line":11,"column":17},"end":{"line":11,"column":27}}],"line":11},"2":{"loc":{"start":{"line":19,"column":4},"end":{"line":23,"column":5}},"type":"if","locations":[{"start":{"line":19,"column":4},"end":{"line":23,"column":5}},{"start":{},"end":{}}],"line":19},"3":{"loc":{"start":{"line":19,"column":8},"end":{"line":19,"column":51}},"type":"binary-expr","locations":[{"start":{"line":19,"column":8},"end":{"line":19,"column":21}},{"start":{"line":19,"column":25},"end":{"line":19,"column":51}}],"line":19},"4":{"loc":{"start":{"line":27,"column":20},"end":{"line":27,"column":38}},"type":"binary-expr","locations":[{"start":{"line":27,"column":20},"end":{"line":27,"column":30}},{"start":{"line":27,"column":34},"end":{"line":27,"column":38}}],"line":27},"5":{"loc":{"start":{"line":29,"column":17},"end":{"line":29,"column":47}},"type":"binary-expr","locations":[{"start":{"line":29,"column":17},"end":{"line":29,"column":24}},{"start":{"line":29,"column":28},"end":{"line":29,"column":47}}],"line":29},"6":{"loc":{"start":{"line":31,"column":23},"end":{"line":31,"column":47}},"type":"binary-expr","locations":[{"start":{"line":31,"column":23},"end":{"line":31,"column":36}},{"start":{"line":31,"column":40},"end":{"line":31,"column":47}}],"line":31},"7":{"loc":{"start":{"line":55,"column":4},"end":{"line":57,"column":5}},"type":"if","locations":[{"start":{"line":55,"column":4},"end":{"line":57,"column":5}},{"start":{},"end":{}}],"line":55},"8":{"loc":{"start":{"line":59,"column":4},"end":{"line":62,"column":5}},"type":"if","locations":[{"start":{"line":59,"column":4},"end":{"line":62,"column":5}},{"start":{},"end":{}}],"line":59},"9":{"loc":{"start":{"line":87,"column":4},"end":{"line":89,"column":5}},"type":"if","locations":[{"start":{"line":87,"column":4},"end":{"line":89,"column":5}},{"start":{},"end":{}}],"line":87},"10":{"loc":{"start":{"line":106,"column":4},"end":{"line":108,"column":5}},"type":"if","locations":[{"start":{"line":106,"column":4},"end":{"line":108,"column":5}},{"start":{},"end":{}}],"line":106},"11":{"loc":{"start":{"line":110,"column":4},"end":{"line":112,"column":5}},"type":"if","locations":[{"start":{"line":110,"column":4},"end":{"line":112,"column":5}},{"start":{},"end":{}}],"line":110},"12":{"loc":{"start":{"line":114,"column":4},"end":{"line":114,"column":35}},"type":"if","locations":[{"start":{"line":114,"column":4},"end":{"line":114,"column":35}},{"start":{},"end":{}}],"line":114},"13":{"loc":{"start":{"line":115,"column":4},"end":{"line":115,"column":44}},"type":"if","locations":[{"start":{"line":115,"column":4},"end":{"line":115,"column":44}},{"start":{},"end":{}}],"line":115},"14":{"loc":{"start":{"line":116,"column":4},"end":{"line":122,"column":5}},"type":"if","locations":[{"start":{"line":116,"column":4},"end":{"line":122,"column":5}},{"start":{},"end":{}}],"line":116},"15":{"loc":{"start":{"line":118,"column":8},"end":{"line":120,"column":9}},"type":"if","locations":[{"start":{"line":118,"column":8},"end":{"line":120,"column":9}},{"start":{},"end":{}}],"line":118},"16":{"loc":{"start":{"line":118,"column":12},"end":{"line":118,"column":55}},"type":"binary-expr","locations":[{"start":{"line":118,"column":12},"end":{"line":118,"column":25}},{"start":{"line":118,"column":29},"end":{"line":118,"column":55}}],"line":118},"17":{"loc":{"start":{"line":123,"column":4},"end":{"line":123,"column":62}},"type":"if","locations":[{"start":{"line":123,"column":4},"end":{"line":123,"column":62}},{"start":{},"end":{}}],"line":123},"18":{"loc":{"start":{"line":144,"column":4},"end":{"line":146,"column":5}},"type":"if","locations":[{"start":{"line":144,"column":4},"end":{"line":146,"column":5}},{"start":{},"end":{}}],"line":144},"19":{"loc":{"start":{"line":164,"column":4},"end":{"line":166,"column":5}},"type":"if","locations":[{"start":{"line":164,"column":4},"end":{"line":166,"column":5}},{"start":{},"end":{}}],"line":164},"20":{"loc":{"start":{"line":168,"column":4},"end":{"line":170,"column":5}},"type":"if","locations":[{"start":{"line":168,"column":4},"end":{"line":170,"column":5}},{"start":{},"end":{}}],"line":168}},"s":{"0":4,"1":4,"2":4,"3":4,"4":2,"5":2,"6":1,"7":1,"8":1,"9":0,"10":1,"11":1,"12":4,"13":0,"14":0,"15":0,"16":0,"17":0,"18":0,"19":0,"20":0,"21":0,"22":0,"23":4,"24":1,"25":1,"26":1,"27":1,"28":0,"29":4,"30":0,"31":0,"32":0,"33":0,"34":0,"35":0,"36":0,"37":0,"38":0,"39":0,"40":0,"41":0,"42":0,"43":0,"44":0,"45":0,"46":0,"47":0,"48":0,"49":0,"50":4,"51":0,"52":0,"53":0,"54":0,"55":0,"56":0,"57":4,"58":1,"59":1,"60":1,"61":0,"62":1,"63":0,"64":1,"65":1,"66":1,"67":4},"f":{"0":2,"1":0,"2":1,"3":0,"4":0,"5":1},"b":{"0":[1,1],"1":[2,1],"2":[0,1],"3":[1,1],"4":[1,1],"5":[1,1],"6":[1,1],"7":[0,0],"8":[0,0],"9":[1,0],"10":[0,0],"11":[0,0],"12":[0,0],"13":[0,0],"14":[0,0],"15":[0,0],"16":[0,0],"17":[0,0],"18":[0,0],"19":[0,1],"20":[0,1]},"_coverageSchema":"1a1c01bbd47fc00a2c39e90264f33305004495a9","hash":"3ea95cfe514877e1129af9d260d17475daa45b90"}
,"E:\\7th Semester\\NLP\\Project\\backend\\src\\middleware\\auth.middleware.js": {"path":"E:\\7th Semester\\NLP\\Project\\backend\\src\\middleware\\auth.middleware.js","statementMap":{"0":{"start":{"line":1,"column":12},"end":{"line":1,"column":35}},"1":{"start":{"line":2,"column":13},"end":{"line":2,"column":38}},"2":{"start":{"line":7,"column":21},"end":{"line":62,"column":1}},"3":{"start":{"line":8,"column":4},"end":{"line":61,"column":5}},"4":{"start":{"line":10,"column":20},"end":{"line":10,"column":24}},"5":{"start":{"line":12,"column":8},"end":{"line":16,"column":9}},"6":{"start":{"line":13,"column":12},"end":{"line":13,"column":60}},"7":{"start":{"line":14,"column":15},"end":{"line":16,"column":9}},"8":{"start":{"line":15,"column":12},"end":{"line":15,"column":38}},"9":{"start":{"line":18,"column":8},"end":{"line":23,"column":9}},"10":{"start":{"line":19,"column":12},"end":{"line":22,"column":15}},"11":{"start":{"line":26,"column":24},"end":{"line":26,"column":65}},"12":{"start":{"line":29,"column":21},"end":{"line":29,"column":52}},"13":{"start":{"line":31,"column":8},"end":{"line":36,"column":9}},"14":{"start":{"line":32,"column":12},"end":{"line":35,"column":15}},"15":{"start":{"line":39,"column":8},"end":{"line":39,"column":24}},"16":{"start":{"line":40,"column":8},"end":{"line":40,"column":15}},"17":{"start":{"line":42,"column":8},"end":{"line":47,"column":9}},"18":{"start":{"line":43,"column":12},"end":{"line":46,"column":15}},"19":{"start":{"line":49,"column":8},"end":{"line":54,"column":9}},"20":{"start":{"line":50,"column":12},"end":{"line":53,"column":15}},"21":{"start":{"line":56,"column":8},"end":{"line":56,"column":55}},"22":{"start":{"line":57,"column":8},"end":{"line":60,"column":11}},"23":{"start":{"line":67,"column":21},"end":{"line":90,"column":1}},"24":{"start":{"line":68,"column":4},"end":{"line":89,"column":5}},"25":{"start":{"line":69,"column":20},"end":{"line":69,"column":24}},"26":{"start":{"line":71,"column":8},"end":{"line":75,"column":9}},"27":{"start":{"line":72,"column":12},"end":{"line":72,"column":60}},"28":{"start":{"line":73,"column":15},"end":{"line":75,"column":9}},"29":{"start":{"line":74,"column":12},"end":{"line":74,"column":38}},"30":{"start":{"line":77,"column":8},"end":{"line":83,"column":9}},"31":{"start":{"line":78,"column":28},"end":{"line":78,"column":69}},"32":{"start":{"line":79,"column":25},"end":{"line":79,"column":56}},"33":{"start":{"line":80,"column":12},"end":{"line":82,"column":13}},"34":{"start":{"line":81,"column":16},"end":{"line":81,"column":32}},"35":{"start":{"line":85,"column":8},"end":{"line":85,"column":15}},"36":{"start":{"line":88,"column":8},"end":{"line":88,"column":15}},"37":{"start":{"line":92,"column":0},"end":{"line":95,"column":2}}},"fnMap":{"0":{"name":"(anonymous_0)","decl":{"start":{"line":7,"column":21},"end":{"line":7,"column":22}},"loc":{"start":{"line":7,"column":47},"end":{"line":62,"column":1}},"line":7},"1":{"name":"(anonymous_1)","decl":{"start":{"line":67,"column":21},"end":{"line":67,"column":22}},"loc":{"start":{"line":67,"column":47},"end":{"line":90,"column":1}},"line":67}},"branchMap":{"0":{"loc":{"start":{"line":12,"column":8},"end":{"line":16,"column":9}},"type":"if","locations":[{"start":{"line":12,"column":8},"end":{"line":16,"column":9}},{"start":{"line":14,"column":15},"end":{"line":16,"column":9}}],"line":12},"1":{"loc":{"start":{"line":14,"column":15},"end":{"line":16,"column":9}},"type":"if","locations":[{"start":{"line":14,"column":15},"end":{"line":16,"column":9}},{"start":{},"end":{}}],"line":14},"2":{"loc":{"start":{"line":18,"column":8},"end":{"line":23,"column":9}},"type":"if","locations":[{"start":{"line":18,"column":8},"end":{"line":23,"column":9}},{"start":{},"end":{}}],"line":18},"3":{"loc":{"start":{"line":31,"column":8},"end":{"line":36,"column":9}},"type":"if","locations":[{"start":{"line":31,"column":8},"end":{"line":36,"column":9}},{"start":{},"end":{}}],"line":31},"4":{"loc":{"start":{"line":42,"column":8},"end":{"line":47,"column":9}},"type":"if","locations":[{"start":{"line":42,"column":8},"end":{"line":47,"column":9}},{"start":{},"end":{}}],"line":42},"5":{"loc":{"start":{"line":49,"column":8},"end":{"line":54,"column":9}},"type":"if","locations":[{"start":{"line":49,"column":8},"end":{"line":54,"column":9}},{"start":{},"end":{}}],"line":49},"6":{"loc":{"start":{"line":71,"column":8},"end":{"line":75,"column":9}},"type":"if","locations":[{"start":{"line":71,"column":8},"end":{"line":75,"column":9}},{"start":{"line":73,"column":15},"end":{"line":75,"column":9}}],"line":71},"7":{"loc":{"start":{"line":73,"column":15},"end":{"line":75,"column":9}},"type":"if","locations":[{"start":{"line":73,"column":15},"end":{"line":75,"column":9}},{"start":{},"end":{}}],"line":73},"8":{"loc":{"start":{"line":77,"column":8},"end":{"line":83,"column":9}},"type":"if","locations":[{"start":{"line":77,"column":8},"end":{"line":83,"column":9}},{"start":{},"end":{}}],"line":77},"9":{"loc":{"start":{"line":80,"column":12},"end":{"line":82,"column":13}},"type":"if","locations":[{"start":{"line":80,"column":12},"end":{"line":82,"column":13}},{"start":{},"end":{}}],"line":80}},"s":{"0":11,"1":11,"2":11,"3":7,"4":7,"5":7,"6":5,"7":2,"8":1,"9":7,"10":1,"11":6,"12":3,"13":3,"14":1,"15":2,"16":2,"17":3,"18":1,"19":2,"20":1,"21":1,"22":1,"23":11,"24":4,"25":4,"26":4,"27":2,"28":2,"29":1,"30":4,"31":3,"32":2,"33":2,"34":1,"35":3,"36":1,"37":11},"f":{"0":7,"1":4},"b":{"0":[5,2],"1":[1,1],"2":[1,6],"3":[1,2],"4":[1,2],"5":[1,1],"6":[2,2],"7":[1,1],"8":[3,1],"9":[1,1]},"_coverageSchema":"1a1c01bbd47fc00a2c39e90264f33305004495a9","hash":"73b66cd8d187f1f98e745c7965c8475c566a3ca0"}
,"E:\\7th Semester\\NLP\\Project\\backend\\src\\middleware\\error.middleware.js": {"path":"E:\\7th Semester\\NLP\\Project\\backend\\src\\middleware\\error.middleware.js","statementMap":{"0":{"start":{"line":6,"column":8},"end":{"line":6,"column":23}},"1":{"start":{"line":7,"column":8},"end":{"line":7,"column":37}},"2":{"start":{"line":8,"column":8},"end":{"line":8,"column":31}},"3":{"start":{"line":9,"column":8},"end":{"line":9,"column":34}},"4":{"start":{"line":11,"column":8},"end":{"line":11,"column":56}},"5":{"start":{"line":18,"column":21},"end":{"line":88,"column":1}},"6":{"start":{"line":20,"column":21},"end":{"line":20,"column":42}},"7":{"start":{"line":21,"column":18},"end":{"line":21,"column":56}},"8":{"start":{"line":22,"column":18},"end":{"line":22,"column":37}},"9":{"start":{"line":25,"column":4},"end":{"line":34,"column":5}},"10":{"start":{"line":26,"column":8},"end":{"line":30,"column":11}},"11":{"start":{"line":33,"column":8},"end":{"line":33,"column":47}},"12":{"start":{"line":37,"column":4},"end":{"line":45,"column":5}},"13":{"start":{"line":39,"column":8},"end":{"line":39,"column":25}},"14":{"start":{"line":40,"column":8},"end":{"line":40,"column":37}},"15":{"start":{"line":41,"column":8},"end":{"line":44,"column":12}},"16":{"start":{"line":41,"column":54},"end":{"line":44,"column":9}},"17":{"start":{"line":47,"column":4},"end":{"line":51,"column":5}},"18":{"start":{"line":49,"column":8},"end":{"line":49,"column":25}},"19":{"start":{"line":50,"column":8},"end":{"line":50,"column":54}},"20":{"start":{"line":53,"column":4},"end":{"line":59,"column":5}},"21":{"start":{"line":55,"column":8},"end":{"line":55,"column":25}},"22":{"start":{"line":56,"column":8},"end":{"line":56,"column":36}},"23":{"start":{"line":57,"column":22},"end":{"line":57,"column":50}},"24":{"start":{"line":58,"column":8},"end":{"line":58,"column":56}},"25":{"start":{"line":61,"column":4},"end":{"line":64,"column":5}},"26":{"start":{"line":62,"column":8},"end":{"line":62,"column":25}},"27":{"start":{"line":63,"column":8},"end":{"line":63,"column":34}},"28":{"start":{"line":66,"column":4},"end":{"line":69,"column":5}},"29":{"start":{"line":67,"column":8},"end":{"line":67,"column":25}},"30":{"start":{"line":68,"column":8},"end":{"line":68,"column":34}},"31":{"start":{"line":72,"column":4},"end":{"line":75,"column":5}},"32":{"start":{"line":73,"column":8},"end":{"line":73,"column":25}},"33":{"start":{"line":74,"column":8},"end":{"line":74,"column":35}},"34":{"start":{"line":77,"column":4},"end":{"line":80,"column":5}},"35":{"start":{"line":78,"column":8},"end":{"line":78,"column":25}},"36":{"start":{"line":79,"column":8},"end":{"line":79,"column":42}},"37":{"start":{"line":83,"column":4},"end":{"line":87,"column":7}},"38":{"start":{"line":93,"column":21},"end":{"line":97,"column":1}},"39":{"start":{"line":94,"column":4},"end":{"line":96,"column":6}},"40":{"start":{"line":95,"column":8},"end":{"line":95,"column":56}},"41":{"start":{"line":102,"column":24},"end":{"line":107,"column":1}},"42":{"start":{"line":103,"column":4},"end":{"line":106,"column":7}},"43":{"start":{"line":109,"column":0},"end":{"line":114,"column":2}}},"fnMap":{"0":{"name":"(anonymous_0)","decl":{"start":{"line":5,"column":4},"end":{"line":5,"column":5}},"loc":{"start":{"line":5,"column":59},"end":{"line":12,"column":5}},"line":5},"1":{"name":"(anonymous_1)","decl":{"start":{"line":18,"column":21},"end":{"line":18,"column":22}},"loc":{"start":{"line":18,"column":46},"end":{"line":88,"column":1}},"line":18},"2":{"name":"(anonymous_2)","decl":{"start":{"line":41,"column":48},"end":{"line":41,"column":49}},"loc":{"start":{"line":41,"column":54},"end":{"line":44,"column":9}},"line":41},"3":{"name":"(anonymous_3)","decl":{"start":{"line":93,"column":21},"end":{"line":93,"column":22}},"loc":{"start":{"line":93,"column":29},"end":{"line":97,"column":1}},"line":93},"4":{"name":"(anonymous_4)","decl":{"start":{"line":94,"column":11},"end":{"line":94,"column":12}},"loc":{"start":{"line":94,"column":31},"end":{"line":96,"column":5}},"line":94},"5":{"name":"(anonymous_5)","decl":{"start":{"line":102,"column":24},"end":{"line":102,"column":25}},"loc":{"start":{"line":102,"column":38},"end":{"line":107,"column":1}},"line":102}},"branchMap":{"0":{"loc":{"start":{"line":5,"column":25},"end":{"line":5,"column":41}},"type":"default-arg","locations":[{"start":{"line":5,"column":38},"end":{"line":5,"column":41}}],"line":5},"1":{"loc":{"start":{"line":5,"column":43},"end":{"line":5,"column":57}},"type":"default-arg","locations":[{"start":{"line":5,"column":53},"end":{"line":5,"column":57}}],"line":5},"2":{"loc":{"start":{"line":20,"column":21},"end":{"line":20,"column":42}},"type":"binary-expr","locations":[{"start":{"line":20,"column":21},"end":{"line":20,"column":35}},{"start":{"line":20,"column":39},"end":{"line":20,"column":42}}],"line":20},"3":{"loc":{"start":{"line":21,"column":18},"end":{"line":21,"column":56}},"type":"binary-expr","locations":[{"start":{"line":21,"column":18},"end":{"line":21,"column":29}},{"start":{"line":21,"column":33},"end":{"line":21,"column":56}}],"line":21},"4":{"loc":{"start":{"line":22,"column":18},"end":{"line":22,"column":37}},"type":"binary-expr","locations":[{"start":{"line":22,"column":18},"end":{"line":22,"column":29}},{"start":{"line":22,"column":33},"end":{"line":22,"column":37}}],"line":22},"5":{"loc":{"start":{"line":25,"column":4},"end":{"line":34,"column":5}},"type":"if","locations":[{"start":{"line":25,"column":4},"end":{"line":34,"column":5}},{"start":{"line":31,"column":11},"end":{"line":34,"column":5}}],"line":25},"6":{"loc":{"start":{"line":37,"column":4},"end":{"line":45,"column":5}},"type":"if","locations":[{"start":{"line":37,"column":4},"end":{"line":45,"column":5}},{"start":{},"end":{}}],"line":37},"7":{"loc":{"start":{"line":47,"column":4},"end":{"line":51,"column":5}},"type":"if","locations":[{"start":{"line":47,"column":4},"end":{"line":51,"column":5}},{"start":{},"end":{}}],"line":47},"8":{"loc":{"start":{"line":53,"column":4},"end":{"line":59,"column":5}},"type":"if","locations":[{"start":{"line":53,"column":4},"end":{"line":59,"column":5}},{"start":{},"end":{}}],"line":53},"9":{"loc":{"start":{"line":61,"column":4},"end":{"line":64,"column":5}},"type":"if","locations":[{"start":{"line":61,"column":4},"end":{"line":64,"column":5}},{"start":{},"end":{}}],"line":61},"10":{"loc":{"start":{"line":66,"column":4},"end":{"line":69,"column":5}},"type":"if","locations":[{"start":{"line":66,"column":4},"end":{"line":69,"column":5}},{"start":{},"end":{}}],"line":66},"11":{"loc":{"start":{"line":72,"column":4},"end":{"line":75,"column":5}},"type":"if","locations":[{"start":{"line":72,"column":4},"end":{"line":75,"column":5}},{"start":{},"end":{}}],"line":72},"12":{"loc":{"start":{"line":77,"column":4},"end":{"line":80,"column":5}},"type":"if","locations":[{"start":{"line":77,"column":4},"end":{"line":80,"column":5}},{"start":{},"end":{}}],"line":77},"13":{"loc":{"start":{"line":85,"column":12},"end":{"line":85,"column":34}},"type":"binary-expr","locations":[{"start":{"line":85,"column":12},"end":{"line":85,"column":19}},{"start":{"line":85,"column":23},"end":{"line":85,"column":34}}],"line":85},"14":{"loc":{"start":{"line":86,"column":12},"end":{"line":86,"column":74}},"type":"binary-expr","locations":[{"start":{"line":86,"column":12},"end":{"line":86,"column":50}},{"start":{"line":86,"column":54},"end":{"line":86,"column":74}}],"line":86}},"s":{"0":5,"1":5,"2":5,"3":5,"4":5,"5":13,"6":10,"7":10,"8":10,"9":10,"10":1,"11":9,"12":10,"13":1,"14":1,"15":1,"16":2,"17":10,"18":1,"19":1,"20":10,"21":1,"22":1,"23":1,"24":1,"25":10,"26":1,"27":1,"28":10,"29":1,"30":1,"31":10,"32":1,"33":1,"34":10,"35":1,"36":1,"37":10,"38":13,"39":85,"40":11,"41":13,"42":1,"43":13},"f":{"0":5,"1":10,"2":2,"3":85,"4":11,"5":1},"b":{"0":[1],"1":[4],"2":[10,10],"3":[10,1],"4":[10,10],"5":[1,9],"6":[1,9],"7":[1,9],"8":[1,9],"9":[1,9],"10":[1,9],"11":[1,9],"12":[1,9],"13":[10,2],"14":[10,1]},"_coverageSchema":"1a1c01bbd47fc00a2c39e90264f33305004495a9","hash":"ad8b851288031b951392986da2472f27d6a11af6"}
,"E:\\7th Semester\\NLP\\Project\\backend\\src\\middleware\\tier.middleware.js": {"path":"E:\\7th Semester\\NLP\\Project\\backend\\src\\middleware\\tier.middleware.js","statementMap":{"0":{"start":{"line":1,"column":21},"end":{"line":1,"column":57}},"1":{"start":{"line":6,"column":20},"end":{"line":26,"column":1}},"2":{"start":{"line":7,"column":4},"end":{"line":25,"column":6}},"3":{"start":{"line":8,"column":8},"end":{"line":13,"column":9}},"4":{"start":{"line":9,"column":12},"end":{"line":12,"column":15}},"5":{"start":{"line":15,"column":8},"end":{"line":22,"column":9}},"6":{"start":{"line":16,"column":12},"end":{"line":21,"column":15}},"7":{"start":{"line":24,"column":8},"end":{"line":24,"column":15}},"8":{"start":{"line":31,"column":19},"end":{"line":62,"column":1}},"9":{"start":{"line":32,"column":4},"end":{"line":61,"column":6}},"10":{"start":{"line":33,"column":8},"end":{"line":37,"column":9}},"11":{"start":{"line":34,"column":12},"end":{"line":36,"column":15}},"12":{"start":{"line":39,"column":8},"end":{"line":60,"column":9}},"13":{"start":{"line":40,"column":27},"end":{"line":40,"column":84}},"14":{"start":{"line":42,"column":12},"end":{"line":52,"column":13}},"15":{"start":{"line":43,"column":16},"end":{"line":51,"column":19}},"16":{"start":{"line":55,"column":12},"end":{"line":55,"column":36}},"17":{"start":{"line":56,"column":12},"end":{"line":56,"column":19}},"18":{"start":{"line":58,"column":12},"end":{"line":58,"column":55}},"19":{"start":{"line":59,"column":12},"end":{"line":59,"column":24}},"20":{"start":{"line":67,"column":31},"end":{"line":86,"column":1}},"21":{"start":{"line":68,"column":4},"end":{"line":72,"column":5}},"22":{"start":{"line":69,"column":8},"end":{"line":71,"column":11}},"23":{"start":{"line":74,"column":19},"end":{"line":74,"column":69}},"24":{"start":{"line":76,"column":4},"end":{"line":83,"column":5}},"25":{"start":{"line":77,"column":8},"end":{"line":82,"column":11}},"26":{"start":{"line":85,"column":4},"end":{"line":85,"column":11}},"27":{"start":{"line":91,"column":25},"end":{"line":100,"column":1}},"28":{"start":{"line":92,"column":4},"end":{"line":98,"column":5}},"29":{"start":{"line":93,"column":8},"end":{"line":97,"column":9}},"30":{"start":{"line":94,"column":12},"end":{"line":94,"column":76}},"31":{"start":{"line":96,"column":12},"end":{"line":96,"column":65}},"32":{"start":{"line":99,"column":4},"end":{"line":99,"column":11}},"33":{"start":{"line":102,"column":0},"end":{"line":107,"column":2}}},"fnMap":{"0":{"name":"(anonymous_0)","decl":{"start":{"line":6,"column":20},"end":{"line":6,"column":21}},"loc":{"start":{"line":6,"column":41},"end":{"line":26,"column":1}},"line":6},"1":{"name":"(anonymous_1)","decl":{"start":{"line":7,"column":11},"end":{"line":7,"column":12}},"loc":{"start":{"line":7,"column":31},"end":{"line":25,"column":5}},"line":7},"2":{"name":"(anonymous_2)","decl":{"start":{"line":31,"column":19},"end":{"line":31,"column":20}},"loc":{"start":{"line":31,"column":31},"end":{"line":62,"column":1}},"line":31},"3":{"name":"(anonymous_3)","decl":{"start":{"line":32,"column":11},"end":{"line":32,"column":12}},"loc":{"start":{"line":32,"column":37},"end":{"line":61,"column":5}},"line":32},"4":{"name":"(anonymous_4)","decl":{"start":{"line":67,"column":31},"end":{"line":67,"column":32}},"loc":{"start":{"line":67,"column":57},"end":{"line":86,"column":1}},"line":67},"5":{"name":"(anonymous_5)","decl":{"start":{"line":91,"column":25},"end":{"line":91,"column":26}},"loc":{"start":{"line":91,"column":51},"end":{"line":100,"column":1}},"line":91}},"branchMap":{"0":{"loc":{"start":{"line":8,"column":8},"end":{"line":13,"column":9}},"type":"if","locations":[{"start":{"line":8,"column":8},"end":{"line":13,"column":9}},{"start":{},"end":{}}],"line":8},"1":{"loc":{"start":{"line":15,"column":8},"end":{"line":22,"column":9}},"type":"if","locations":[{"start":{"line":15,"column":8},"end":{"line":22,"column":9}},{"start":{},"end":{}}],"line":15},"2":{"loc":{"start":{"line":33,"column":8},"end":{"line":37,"column":9}},"type":"if","locations":[{"start":{"line":33,"column":8},"end":{"line":37,"column":9}},{"start":{},"end":{}}],"line":33},"3":{"loc":{"start":{"line":42,"column":12},"end":{"line":52,"column":13}},"type":"if","locations":[{"start":{"line":42,"column":12},"end":{"line":52,"column":13}},{"start":{},"end":{}}],"line":42},"4":{"loc":{"start":{"line":68,"column":4},"end":{"line":72,"column":5}},"type":"if","locations":[{"start":{"line":68,"column":4},"end":{"line":72,"column":5}},{"start":{},"end":{}}],"line":68},"5":{"loc":{"start":{"line":76,"column":4},"end":{"line":83,"column":5}},"type":"if","locations":[{"start":{"line":76,"column":4},"end":{"line":83,"column":5}},{"start":{},"end":{}}],"line":76},"6":{"loc":{"start":{"line":92,"column":4},"end":{"line":98,"column":5}},"type":"if","locations":[{"start":{"line":92,"column":4},"end":{"line":98,"column":5}},{"start":{},"end":{}}],"line":92}},"s":{"0":13,"1":13,"2":3,"3":3,"4":1,"5":2,"6":1,"7":1,"8":13,"9":4,"10":4,"11":1,"12":3,"13":3,"14":2,"15":1,"16":1,"17":1,"18":1,"19":1,"20":13,"21":3,"22":1,"23":2,"24":2,"25":1,"26":1,"27":13,"28":3,"29":2,"30":2,"31":1,"32":3,"33":13},"f":{"0":3,"1":3,"2":4,"3":4,"4":3,"5":3},"b":{"0":[1,2],"1":[1,1],"2":[1,3],"3":[1,1],"4":[1,2],"5":[1,1],"6":[2,1]},"_coverageSchema":"1a1c01bbd47fc00a2c39e90264f33305004495a9","hash":"f56855f6fa53aa533221d0705b98083fcb7e9023"}
,"E:\\7th Semester\\NLP\\Project\\backend\\src\\middleware\\validate.middleware.js": {"path":"E:\\7th Semester\\NLP\\Project\\backend\\src\\middleware\\validate.middleware.js","statementMap":{"0":{"start":{"line":1,"column":29},"end":{"line":1,"column":57}},"1":{"start":{"line":6,"column":17},"end":{"line":21,"column":1}},"2":{"start":{"line":7,"column":19},"end":{"line":7,"column":40}},"3":{"start":{"line":9,"column":4},"end":{"line":18,"column":5}},"4":{"start":{"line":10,"column":8},"end":{"line":17,"column":11}},"5":{"start":{"line":12,"column":48},"end":{"line":16,"column":13}},"6":{"start":{"line":20,"column":4},"end":{"line":20,"column":11}},"7":{"start":{"line":26,"column":19},"end":{"line":42,"column":1}},"8":{"start":{"line":29,"column":8},"end":{"line":29,"column":47}},"9":{"start":{"line":34,"column":21},"end":{"line":34,"column":36}},"10":{"start":{"line":35,"column":8},"end":{"line":35,"column":33}},"11":{"start":{"line":40,"column":8},"end":{"line":40,"column":42}},"12":{"start":{"line":44,"column":0},"end":{"line":47,"column":2}}},"fnMap":{"0":{"name":"(anonymous_0)","decl":{"start":{"line":6,"column":17},"end":{"line":6,"column":18}},"loc":{"start":{"line":6,"column":37},"end":{"line":21,"column":1}},"line":6},"1":{"name":"(anonymous_1)","decl":{"start":{"line":12,"column":40},"end":{"line":12,"column":41}},"loc":{"start":{"line":12,"column":48},"end":{"line":16,"column":13}},"line":12},"2":{"name":"(anonymous_2)","decl":{"start":{"line":28,"column":16},"end":{"line":28,"column":17}},"loc":{"start":{"line":28,"column":27},"end":{"line":30,"column":5}},"line":28},"3":{"name":"(anonymous_3)","decl":{"start":{"line":33,"column":18},"end":{"line":33,"column":19}},"loc":{"start":{"line":33,"column":29},"end":{"line":36,"column":5}},"line":33},"4":{"name":"(anonymous_4)","decl":{"start":{"line":39,"column":14},"end":{"line":39,"column":15}},"loc":{"start":{"line":39,"column":37},"end":{"line":41,"column":5}},"line":39}},"branchMap":{"0":{"loc":{"start":{"line":9,"column":4},"end":{"line":18,"column":5}},"type":"if","locations":[{"start":{"line":9,"column":4},"end":{"line":18,"column":5}},{"start":{},"end":{}}],"line":9}},"s":{"0":1,"1":1,"2":2,"3":2,"4":1,"5":2,"6":1,"7":1,"8":2,"9":2,"10":2,"11":2,"12":1},"f":{"0":2,"1":2,"2":2,"3":2,"4":2},"b":{"0":[1,1]},"_coverageSchema":"1a1c01bbd47fc00a2c39e90264f33305004495a9","hash":"b58b3a273353792642479c96a97c54ed36b3c32b"}
,"E:\\7th Semester\\NLP\\Project\\backend\\src\\models\\CalendarEvent.js": {"path":"E:\\7th Semester\\NLP\\Project\\backend\\src\\models\\CalendarEvent.js","statementMap":{"0":{"start":{"line":1,"column":17},"end":{"line":1,"column":36}},"1":{"start":{"line":3,"column":28},"end":{"line":70,"column":2}},"2":{"start":{"line":73,"column":0},"end":{"line":73,"column":57}},"3":{"start":{"line":74,"column":0},"end":{"line":74,"column":57}},"4":{"start":{"line":75,"column":0},"end":{"line":75,"column":50}},"5":{"start":{"line":77,"column":0},"end":{"line":77,"column":70}}},"fnMap":{},"branchMap":{},"s":{"0":1,"1":1,"2":1,"3":1,"4":1,"5":1},"f":{},"b":{},"_coverageSchema":"1a1c01bbd47fc00a2c39e90264f33305004495a9","hash":"68204dd573596e3364ad1aecc033845f8386af81"}
,"E:\\7th Semester\\NLP\\Project\\backend\\src\\models\\Contract.js": {"path":"E:\\7th Semester\\NLP\\Project\\backend\\src\\models\\Contract.js","statementMap":{"0":{"start":{"line":1,"column":17},"end":{"line":1,"column":36}},"1":{"start":{"line":3,"column":23},"end":{"line":80,"column":2}},"2":{"start":{"line":83,"column":0},"end":{"line":83,"column":53}},"3":{"start":{"line":84,"column":0},"end":{"line":84,"column":48}},"4":{"start":{"line":85,"column":0},"end":{"line":85,"column":40}},"5":{"start":{"line":87,"column":0},"end":{"line":87,"column":60}}},"fnMap":{},"branchMap":{},"s":{"0":1,"1":1,"2":1,"3":1,"4":1,"5":1},"f":{},"b":{},"_coverageSchema":"1a1c01bbd47fc00a2c39e90264f33305004495a9","hash":"3f87cfc42c45688b0a21acff99ac9f9acd47b00b"}
,"E:\\7th Semester\\NLP\\Project\\backend\\src\\models\\MeetingTranscript.js": {"path":"E:\\7th Semester\\NLP\\Project\\backend\\src\\models\\MeetingTranscript.js","statementMap":{"0":{"start":{"line":1,"column":17},"end":{"line":1,"column":36}},"1":{"start":{"line":3,"column":32},"end":{"line":93,"column":2}},"2":{"start":{"line":96,"column":0},"end":{"line":96,"column":62}},"3":{"start":{"line":97,"column":0},"end":{"line":97,"column":57}},"4":{"start":{"line":99,"column":0},"end":{"line":99,"column":78}}},"fnMap":{},"branchMap":{},"s":{"0":1,"1":1,"2":1,"3":1,"4":1},"f":{},"b":{},"_coverageSchema":"1a1c01bbd47fc00a2c39e90264f33305004495a9","hash":"8cc935651fad5ddabea30969c26bab5b2c4e5a54"}
,"E:\\7th Semester\\NLP\\Project\\backend\\src\\models\\Reminder.js": {"path":"E:\\7th Semester\\NLP\\Project\\backend\\src\\models\\Reminder.js","statementMap":{"0":{"start":{"line":1,"column":17},"end":{"line":1,"column":36}},"1":{"start":{"line":3,"column":23},"end":{"line":59,"column":2}},"2":{"start":{"line":62,"column":0},"end":{"line":62,"column":50}},"3":{"start":{"line":63,"column":0},"end":{"line":63,"column":51}},"4":{"start":{"line":65,"column":0},"end":{"line":65,"column":60}}},"fnMap":{},"branchMap":{},"s":{"0":1,"1":1,"2":1,"3":1,"4":1},"f":{},"b":{},"_coverageSchema":"1a1c01bbd47fc00a2c39e90264f33305004495a9","hash":"15bef19ab399c715c57c17b8e94c8798d87c0a10"}
,"E:\\7th Semester\\NLP\\Project\\backend\\src\\models\\Subscription.js": {"path":"E:\\7th Semester\\NLP\\Project\\backend\\src\\models\\Subscription.js","statementMap":{"0":{"start":{"line":1,"column":17},"end":{"line":1,"column":36}},"1":{"start":{"line":3,"column":27},"end":{"line":59,"column":2}},"2":{"start":{"line":62,"column":0},"end":{"line":74,"column":3}},"3":{"start":{"line":63,"column":23},"end":{"line":68,"column":5}},"4":{"start":{"line":70,"column":4},"end":{"line":72,"column":5}},"5":{"start":{"line":71,"column":8},"end":{"line":71,"column":44}},"6":{"start":{"line":73,"column":4},"end":{"line":73,"column":11}},"7":{"start":{"line":76,"column":0},"end":{"line":76,"column":68}}},"fnMap":{"0":{"name":"(anonymous_0)","decl":{"start":{"line":62,"column":31},"end":{"line":62,"column":32}},"loc":{"start":{"line":62,"column":47},"end":{"line":74,"column":1}},"line":62}},"branchMap":{"0":{"loc":{"start":{"line":70,"column":4},"end":{"line":72,"column":5}},"type":"if","locations":[{"start":{"line":70,"column":4},"end":{"line":72,"column":5}},{"start":{},"end":{}}],"line":70}},"s":{"0":1,"1":1,"2":1,"3":1,"4":1,"5":1,"6":1,"7":1},"f":{"0":1},"b":{"0":[1,0]},"_coverageSchema":"1a1c01bbd47fc00a2c39e90264f33305004495a9","hash":"8f7d011bfa76f482a8eb4263436fd8504738ecea"}
,"E:\\7th Semester\\NLP\\Project\\backend\\src\\models\\User.js": {"path":"E:\\7th Semester\\NLP\\Project\\backend\\src\\models\\User.js","statementMap":{"0":{"start":{"line":1,"column":17},"end":{"line":1,"column":36}},"1":{"start":{"line":2,"column":15},"end":{"line":2,"column":34}},"2":{"start":{"line":4,"column":19},"end":{"line":91,"column":2}},"3":{"start":{"line":84,"column":23},"end":{"line":84,"column":33}},"4":{"start":{"line":94,"column":0},"end":{"line":94,"column":49}},"5":{"start":{"line":97,"column":0},"end":{"line":101,"column":3}},"6":{"start":{"line":104,"column":0},"end":{"line":112,"column":3}},"7":{"start":{"line":105,"column":4},"end":{"line":107,"column":5}},"8":{"start":{"line":106,"column":8},"end":{"line":106,"column":22}},"9":{"start":{"line":109,"column":17},"end":{"line":109,"column":41}},"10":{"start":{"line":110,"column":4},"end":{"line":110,"column":59}},"11":{"start":{"line":111,"column":4},"end":{"line":111,"column":11}},"12":{"start":{"line":115,"column":0},"end":{"line":118,"column":2}},"13":{"start":{"line":116,"column":4},"end":{"line":116,"column":37}},"14":{"start":{"line":116,"column":24},"end":{"line":116,"column":37}},"15":{"start":{"line":117,"column":4},"end":{"line":117,"column":66}},"16":{"start":{"line":121,"column":0},"end":{"line":141,"column":2}},"17":{"start":{"line":122,"column":19},"end":{"line":127,"column":5}},"18":{"start":{"line":129,"column":23},"end":{"line":129,"column":53}},"19":{"start":{"line":131,"column":4},"end":{"line":140,"column":5}},"20":{"start":{"line":133,"column":12},"end":{"line":133,"column":61}},"21":{"start":{"line":135,"column":12},"end":{"line":135,"column":73}},"22":{"start":{"line":137,"column":12},"end":{"line":137,"column":65}},"23":{"start":{"line":139,"column":12},"end":{"line":139,"column":25}},"24":{"start":{"line":144,"column":0},"end":{"line":157,"column":2}},"25":{"start":{"line":145,"column":4},"end":{"line":155,"column":5}},"26":{"start":{"line":147,"column":12},"end":{"line":147,"column":43}},"27":{"start":{"line":148,"column":12},"end":{"line":148,"column":18}},"28":{"start":{"line":150,"column":12},"end":{"line":150,"column":49}},"29":{"start":{"line":151,"column":12},"end":{"line":151,"column":18}},"30":{"start":{"line":153,"column":12},"end":{"line":153,"column":45}},"31":{"start":{"line":154,"column":12},"end":{"line":154,"column":18}},"32":{"start":{"line":156,"column":4},"end":{"line":156,"column":22}},"33":{"start":{"line":160,"column":0},"end":{"line":166,"column":2}},"34":{"start":{"line":161,"column":4},"end":{"line":161,"column":29}},"35":{"start":{"line":162,"column":4},"end":{"line":162,"column":35}},"36":{"start":{"line":163,"column":4},"end":{"line":163,"column":31}},"37":{"start":{"line":164,"column":4},"end":{"line":164,"column":39}},"38":{"start":{"line":165,"column":4},"end":{"line":165,"column":22}},"39":{"start":{"line":168,"column":0},"end":{"line":168,"column":52}}},"fnMap":{"0":{"name":"(anonymous_0)","decl":{"start":{"line":84,"column":17},"end":{"line":84,"column":18}},"loc":{"start":{"line":84,"column":23},"end":{"line":84,"column":33}},"line":84},"1":{"name":"(anonymous_1)","decl":{"start":{"line":104,"column":23},"end":{"line":104,"column":24}},"loc":{"start":{"line":104,"column":45},"end":{"line":112,"column":1}},"line":104},"2":{"name":"(anonymous_2)","decl":{"start":{"line":115,"column":37},"end":{"line":115,"column":38}},"loc":{"start":{"line":115,"column":72},"end":{"line":118,"column":1}},"line":115},"3":{"name":"(anonymous_3)","decl":{"start":{"line":121,"column":32},"end":{"line":121,"column":33}},"loc":{"start":{"line":121,"column":48},"end":{"line":141,"column":1}},"line":121},"4":{"name":"(anonymous_4)","decl":{"start":{"line":144,"column":36},"end":{"line":144,"column":37}},"loc":{"start":{"line":144,"column":70},"end":{"line":157,"column":1}},"line":144},"5":{"name":"(anonymous_5)","decl":{"start":{"line":160,"column":39},"end":{"line":160,"column":40}},"loc":{"start":{"line":160,"column":57},"end":{"line":166,"column":1}},"line":160}},"branchMap":{"0":{"loc":{"start":{"line":105,"column":4},"end":{"line":107,"column":5}},"type":"if","locations":[{"start":{"line":105,"column":4},"end":{"line":107,"column":5}},{"start":{},"end":{}}],"line":105},"1":{"loc":{"start":{"line":105,"column":8},"end":{"line":105,"column":54}},"type":"binary-expr","locations":[{"start":{"line":105,"column":8},"end":{"line":105,"column":36}},{"start":{"line":105,"column":40},"end":{"line":105,"column":54}}],"line":105},"2":{"loc":{"start":{"line":116,"column":4},"end":{"line":116,"column":37}},"type":"if","locations":[{"start":{"line":116,"column":4},"end":{"line":116,"column":37}},{"start":{},"end":{}}],"line":116},"3":{"loc":{"start":{"line":131,"column":4},"end":{"line":140,"column":5}},"type":"switch","locations":[{"start":{"line":132,"column":8},"end":{"line":133,"column":61}},{"start":{"line":134,"column":8},"end":{"line":135,"column":73}},{"start":{"line":136,"column":8},"end":{"line":137,"column":65}},{"start":{"line":138,"column":8},"end":{"line":139,"column":25}}],"line":131},"4":{"loc":{"start":{"line":144,"column":58},"end":{"line":144,"column":68}},"type":"default-arg","locations":[{"start":{"line":144,"column":67},"end":{"line":144,"column":68}}],"line":144},"5":{"loc":{"start":{"line":145,"column":4},"end":{"line":155,"column":5}},"type":"switch","locations":[{"start":{"line":146,"column":8},"end":{"line":148,"column":18}},{"start":{"line":149,"column":8},"end":{"line":151,"column":18}},{"start":{"line":152,"column":8},"end":{"line":154,"column":18}}],"line":145}},"s":{"0":1,"1":1,"2":1,"3":4,"4":1,"5":1,"6":1,"7":1,"8":0,"9":1,"10":1,"11":1,"12":1,"13":1,"14":1,"15":0,"16":1,"17":3,"18":3,"19":3,"20":1,"21":1,"22":1,"23":0,"24":1,"25":1,"26":1,"27":1,"28":0,"29":0,"30":0,"31":0,"32":1,"33":1,"34":1,"35":1,"36":1,"37":1,"38":1,"39":1},"f":{"0":4,"1":1,"2":1,"3":3,"4":1,"5":1},"b":{"0":[0,1],"1":[1,1],"2":[1,0],"3":[1,1,1,0],"4":[0],"5":[1,0,0]},"_coverageSchema":"1a1c01bbd47fc00a2c39e90264f33305004495a9","hash":"e63913fa75d1603c08f536c25cbabce772de8575"}
,"E:\\7th Semester\\NLP\\Project\\backend\\src\\routes\\auth.routes.js": {"path":"E:\\7th Semester\\NLP\\Project\\backend\\src\\routes\\auth.routes.js","statementMap":{"0":{"start":{"line":1,"column":16},"end":{"line":1,"column":34}},"1":{"start":{"line":2,"column":15},"end":{"line":2,"column":31}},"2":{"start":{"line":3,"column":23},"end":{"line":3,"column":64}},"3":{"start":{"line":4,"column":25},"end":{"line":4,"column":65}},"4":{"start":{"line":62,"column":0},"end":{"line":62,"column":50}},"5":{"start":{"line":116,"column":0},"end":{"line":116,"column":44}},"6":{"start":{"line":148,"column":0},"end":{"line":148,"column":57}},"7":{"start":{"line":175,"column":0},"end":{"line":175,"column":53}},"8":{"start":{"line":178,"column":0},"end":{"line":178,"column":49}},"9":{"start":{"line":179,"column":0},"end":{"line":179,"column":62}},"10":{"start":{"line":214,"column":0},"end":{"line":214,"column":63}},"11":{"start":{"line":229,"column":0},"end":{"line":229,"column":60}},"12":{"start":{"line":250,"column":0},"end":{"line":250,"column":67}},"13":{"start":{"line":274,"column":0},"end":{"line":274,"column":67}},"14":{"start":{"line":289,"column":0},"end":{"line":289,"column":70}},"15":{"start":{"line":291,"column":0},"end":{"line":291,"column":24}}},"fnMap":{},"branchMap":{},"s":{"0":1,"1":1,"2":1,"3":1,"4":1,"5":1,"6":1,"7":1,"8":1,"9":1,"10":1,"11":1,"12":1,"13":1,"14":1,"15":1},"f":{},"b":{},"_coverageSchema":"1a1c01bbd47fc00a2c39e90264f33305004495a9","hash":"70f5e6f472061c21c9a95ab844113ffb48d9e7ab"}
,"E:\\7th Semester\\NLP\\Project\\backend\\src\\routes\\calendar.routes.js": {"path":"E:\\7th Semester\\NLP\\Project\\backend\\src\\routes\\calendar.routes.js","statementMap":{"0":{"start":{"line":1,"column":16},"end":{"line":1,"column":34}},"1":{"start":{"line":2,"column":15},"end":{"line":2,"column":31}},"2":{"start":{"line":3,"column":27},"end":{"line":3,"column":72}},"3":{"start":{"line":4,"column":25},"end":{"line":4,"column":65}},"4":{"start":{"line":7,"column":0},"end":{"line":7,"column":25}},"5":{"start":{"line":54,"column":0},"end":{"line":54,"column":52}},"6":{"start":{"line":55,"column":0},"end":{"line":55,"column":55}},"7":{"start":{"line":69,"column":0},"end":{"line":69,"column":56}},"8":{"start":{"line":125,"column":0},"end":{"line":125,"column":55}},"9":{"start":{"line":126,"column":0},"end":{"line":126,"column":58}},"10":{"start":{"line":127,"column":0},"end":{"line":127,"column":61}},"11":{"start":{"line":151,"column":0},"end":{"line":151,"column":69}},"12":{"start":{"line":153,"column":0},"end":{"line":153,"column":24}}},"fnMap":{},"branchMap":{},"s":{"0":1,"1":1,"2":1,"3":1,"4":1,"5":1,"6":1,"7":1,"8":1,"9":1,"10":1,"11":1,"12":1},"f":{},"b":{},"_coverageSchema":"1a1c01bbd47fc00a2c39e90264f33305004495a9","hash":"41aed497718f97b330123c0c9d85f3a29126d121"}
,"E:\\7th Semester\\NLP\\Project\\backend\\src\\routes\\contract.routes.js": {"path":"E:\\7th Semester\\NLP\\Project\\backend\\src\\routes\\contract.routes.js","statementMap":{"0":{"start":{"line":1,"column":16},"end":{"line":1,"column":34}},"1":{"start":{"line":2,"column":15},"end":{"line":2,"column":31}},"2":{"start":{"line":3,"column":27},"end":{"line":3,"column":72}},"3":{"start":{"line":4,"column":25},"end":{"line":4,"column":65}},"4":{"start":{"line":7,"column":0},"end":{"line":7,"column":25}},"5":{"start":{"line":58,"column":0},"end":{"line":58,"column":56}},"6":{"start":{"line":94,"column":0},"end":{"line":94,"column":80}},"7":{"start":{"line":117,"column":0},"end":{"line":117,"column":50}},"8":{"start":{"line":176,"column":0},"end":{"line":176,"column":51}},"9":{"start":{"line":177,"column":0},"end":{"line":177,"column":54}},"10":{"start":{"line":178,"column":0},"end":{"line":178,"column":57}},"11":{"start":{"line":198,"column":0},"end":{"line":198,"column":65}},"12":{"start":{"line":218,"column":0},"end":{"line":218,"column":68}},"13":{"start":{"line":245,"column":0},"end":{"line":245,"column":65}},"14":{"start":{"line":247,"column":0},"end":{"line":247,"column":24}}},"fnMap":{},"branchMap":{},"s":{"0":1,"1":1,"2":1,"3":1,"4":1,"5":1,"6":1,"7":1,"8":1,"9":1,"10":1,"11":1,"12":1,"13":1,"14":1},"f":{},"b":{},"_coverageSchema":"1a1c01bbd47fc00a2c39e90264f33305004495a9","hash":"5bf3a017c4cf84651f6dac7c535a671e8af8c49c"}
,"E:\\7th Semester\\NLP\\Project\\backend\\src\\routes\\google.routes.js": {"path":"E:\\7th Semester\\NLP\\Project\\backend\\src\\routes\\google.routes.js","statementMap":{"0":{"start":{"line":1,"column":16},"end":{"line":1,"column":34}},"1":{"start":{"line":2,"column":15},"end":{"line":2,"column":31}},"2":{"start":{"line":3,"column":25},"end":{"line":3,"column":68}},"3":{"start":{"line":4,"column":25},"end":{"line":4,"column":65}},"4":{"start":{"line":7,"column":0},"end":{"line":7,"column":25}},"5":{"start":{"line":49,"column":0},"end":{"line":49,"column":66}},"6":{"start":{"line":79,"column":0},"end":{"line":79,"column":67}},"7":{"start":{"line":116,"column":0},"end":{"line":116,"column":76}},"8":{"start":{"line":130,"column":0},"end":{"line":130,"column":66}},"9":{"start":{"line":172,"column":0},"end":{"line":172,"column":66}},"10":{"start":{"line":173,"column":0},"end":{"line":173,"column":69}},"11":{"start":{"line":175,"column":0},"end":{"line":175,"column":24}}},"fnMap":{},"branchMap":{},"s":{"0":1,"1":1,"2":1,"3":1,"4":1,"5":1,"6":1,"7":1,"8":1,"9":1,"10":1,"11":1},"f":{},"b":{},"_coverageSchema":"1a1c01bbd47fc00a2c39e90264f33305004495a9","hash":"c36064d2135e0afcb9dbac9e22cd994f200c26c6"}
,"E:\\7th Semester\\NLP\\Project\\backend\\src\\routes\\meeting.routes.js": {"path":"E:\\7th Semester\\NLP\\Project\\backend\\src\\routes\\meeting.routes.js","statementMap":{"0":{"start":{"line":1,"column":16},"end":{"line":1,"column":34}},"1":{"start":{"line":2,"column":15},"end":{"line":2,"column":31}},"2":{"start":{"line":3,"column":15},"end":{"line":3,"column":32}},"3":{"start":{"line":4,"column":13},"end":{"line":4,"column":28}},"4":{"start":{"line":5,"column":26},"end":{"line":5,"column":70}},"5":{"start":{"line":6,"column":25},"end":{"line":6,"column":65}},"6":{"start":{"line":7,"column":23},"end":{"line":7,"column":63}},"7":{"start":{"line":10,"column":16},"end":{"line":18,"column":2}},"8":{"start":{"line":12,"column":8},"end":{"line":12,"column":56}},"9":{"start":{"line":15,"column":29},"end":{"line":15,"column":79}},"10":{"start":{"line":16,"column":8},"end":{"line":16,"column":78}},"11":{"start":{"line":20,"column":15},"end":{"line":38,"column":2}},"12":{"start":{"line":26,"column":29},"end":{"line":30,"column":9}},"13":{"start":{"line":32,"column":8},"end":{"line":36,"column":9}},"14":{"start":{"line":33,"column":12},"end":{"line":33,"column":27}},"15":{"start":{"line":35,"column":12},"end":{"line":35,"column":78}},"16":{"start":{"line":41,"column":0},"end":{"line":41,"column":25}},"17":{"start":{"line":95,"column":0},"end":{"line":95,"column":83}},"18":{"start":{"line":139,"column":0},"end":{"line":139,"column":79}},"19":{"start":{"line":186,"column":0},"end":{"line":186,"column":58}},"20":{"start":{"line":208,"column":0},"end":{"line":208,"column":65}},"21":{"start":{"line":266,"column":0},"end":{"line":266,"column":49}},"22":{"start":{"line":267,"column":0},"end":{"line":267,"column":52}},"23":{"start":{"line":268,"column":0},"end":{"line":268,"column":55}},"24":{"start":{"line":307,"column":0},"end":{"line":307,"column":48}},"25":{"start":{"line":327,"column":0},"end":{"line":327,"column":68}},"26":{"start":{"line":347,"column":0},"end":{"line":347,"column":74}},"27":{"start":{"line":349,"column":0},"end":{"line":349,"column":24}}},"fnMap":{"0":{"name":"(anonymous_0)","decl":{"start":{"line":11,"column":17},"end":{"line":11,"column":18}},"loc":{"start":{"line":11,"column":36},"end":{"line":13,"column":5}},"line":11},"1":{"name":"(anonymous_1)","decl":{"start":{"line":14,"column":14},"end":{"line":14,"column":15}},"loc":{"start":{"line":14,"column":33},"end":{"line":17,"column":5}},"line":14},"2":{"name":"(anonymous_2)","decl":{"start":{"line":25,"column":16},"end":{"line":25,"column":17}},"loc":{"start":{"line":25,"column":35},"end":{"line":37,"column":5}},"line":25}},"branchMap":{"0":{"loc":{"start":{"line":32,"column":8},"end":{"line":36,"column":9}},"type":"if","locations":[{"start":{"line":32,"column":8},"end":{"line":36,"column":9}},{"start":{"line":34,"column":15},"end":{"line":36,"column":9}}],"line":32}},"s":{"0":1,"1":1,"2":1,"3":1,"4":1,"5":1,"6":1,"7":1,"8":0,"9":0,"10":0,"11":1,"12":0,"13":0,"14":0,"15":0,"16":1,"17":1,"18":1,"19":1,"20":1,"21":1,"22":1,"23":1,"24":1,"25":1,"26":1,"27":1},"f":{"0":0,"1":0,"2":0},"b":{"0":[0,0]},"_coverageSchema":"1a1c01bbd47fc00a2c39e90264f33305004495a9","hash":"ec0eca87ca857800044acda087bbeca3151da743"}
,"E:\\7th Semester\\NLP\\Project\\backend\\src\\routes\\reminder.routes.js": {"path":"E:\\7th Semester\\NLP\\Project\\backend\\src\\routes\\reminder.routes.js","statementMap":{"0":{"start":{"line":1,"column":16},"end":{"line":1,"column":34}},"1":{"start":{"line":2,"column":15},"end":{"line":2,"column":31}},"2":{"start":{"line":3,"column":27},"end":{"line":3,"column":72}},"3":{"start":{"line":4,"column":25},"end":{"line":4,"column":65}},"4":{"start":{"line":7,"column":0},"end":{"line":7,"column":25}},"5":{"start":{"line":47,"column":0},"end":{"line":47,"column":58}},"6":{"start":{"line":61,"column":0},"end":{"line":61,"column":49}},"7":{"start":{"line":120,"column":0},"end":{"line":120,"column":51}},"8":{"start":{"line":121,"column":0},"end":{"line":121,"column":54}},"9":{"start":{"line":122,"column":0},"end":{"line":122,"column":57}},"10":{"start":{"line":142,"column":0},"end":{"line":142,"column":62}},"11":{"start":{"line":144,"column":0},"end":{"line":144,"column":24}}},"fnMap":{},"branchMap":{},"s":{"0":1,"1":1,"2":1,"3":1,"4":1,"5":1,"6":1,"7":1,"8":1,"9":1,"10":1,"11":1},"f":{},"b":{},"_coverageSchema":"1a1c01bbd47fc00a2c39e90264f33305004495a9","hash":"e58f4ded86aa470c45669b7bbe6688b0a7e671ca"}
,"E:\\7th Semester\\NLP\\Project\\backend\\src\\routes\\stream.routes.js": {"path":"E:\\7th Semester\\NLP\\Project\\backend\\src\\routes\\stream.routes.js","statementMap":{"0":{"start":{"line":1,"column":16},"end":{"line":1,"column":34}},"1":{"start":{"line":2,"column":15},"end":{"line":2,"column":31}},"2":{"start":{"line":3,"column":15},"end":{"line":3,"column":32}},"3":{"start":{"line":4,"column":25},"end":{"line":4,"column":68}},"4":{"start":{"line":5,"column":25},"end":{"line":5,"column":65}},"5":{"start":{"line":6,"column":35},"end":{"line":6,"column":75}},"6":{"start":{"line":9,"column":15},"end":{"line":14,"column":2}},"7":{"start":{"line":17,"column":0},"end":{"line":17,"column":25}},"8":{"start":{"line":57,"column":0},"end":{"line":57,"column":84}},"9":{"start":{"line":82,"column":0},"end":{"line":82,"column":108}},"10":{"start":{"line":106,"column":0},"end":{"line":106,"column":80}},"11":{"start":{"line":126,"column":0},"end":{"line":126,"column":76}},"12":{"start":{"line":140,"column":0},"end":{"line":140,"column":55}},"13":{"start":{"line":142,"column":0},"end":{"line":142,"column":24}}},"fnMap":{},"branchMap":{},"s":{"0":1,"1":1,"2":1,"3":1,"4":1,"5":1,"6":1,"7":1,"8":1,"9":1,"10":1,"11":1,"12":1,"13":1},"f":{},"b":{},"_coverageSchema":"1a1c01bbd47fc00a2c39e90264f33305004495a9","hash":"224c6f46e7d5e54c76b70cb17df31cd2864267a4"}
,"E:\\7th Semester\\NLP\\Project\\backend\\src\\routes\\subscription.routes.js": {"path":"E:\\7th Semester\\NLP\\Project\\backend\\src\\routes\\subscription.routes.js","statementMap":{"0":{"start":{"line":1,"column":16},"end":{"line":1,"column":34}},"1":{"start":{"line":2,"column":15},"end":{"line":2,"column":31}},"2":{"start":{"line":3,"column":31},"end":{"line":3,"column":80}},"3":{"start":{"line":4,"column":25},"end":{"line":4,"column":65}},"4":{"start":{"line":7,"column":0},"end":{"line":7,"column":25}},"5":{"start":{"line":41,"column":0},"end":{"line":41,"column":64}},"6":{"start":{"line":74,"column":0},"end":{"line":74,"column":66}},"7":{"start":{"line":96,"column":0},"end":{"line":96,"column":58}},"8":{"start":{"line":111,"column":0},"end":{"line":111,"column":66}},"9":{"start":{"line":125,"column":0},"end":{"line":125,"column":74}},"10":{"start":{"line":147,"column":0},"end":{"line":147,"column":64}},"11":{"start":{"line":169,"column":0},"end":{"line":169,"column":61}},"12":{"start":{"line":171,"column":0},"end":{"line":171,"column":24}}},"fnMap":{},"branchMap":{},"s":{"0":1,"1":1,"2":1,"3":1,"4":1,"5":1,"6":1,"7":1,"8":1,"9":1,"10":1,"11":1,"12":1},"f":{},"b":{},"_coverageSchema":"1a1c01bbd47fc00a2c39e90264f33305004495a9","hash":"6fbcadeeac3f7bee7fd2dc5bec9768e2fbd33d2c"}
,"E:\\7th Semester\\NLP\\Project\\backend\\src\\services\\limit.service.js": {"path":"E:\\7th Semester\\NLP\\Project\\backend\\src\\services\\limit.service.js","statementMap":{"0":{"start":{"line":1,"column":13},"end":{"line":1,"column":38}},"1":{"start":{"line":5,"column":20},"end":{"line":34,"column":5}},"2":{"start":{"line":40,"column":8},"end":{"line":40,"column":53}},"3":{"start":{"line":47,"column":21},"end":{"line":47,"column":48}},"4":{"start":{"line":48,"column":8},"end":{"line":50,"column":9}},"5":{"start":{"line":49,"column":12},"end":{"line":49,"column":64}},"6":{"start":{"line":53,"column":8},"end":{"line":53,"column":44}},"7":{"start":{"line":55,"column":23},"end":{"line":55,"column":61}},"8":{"start":{"line":57,"column":8},"end":{"line":106,"column":9}},"9":{"start":{"line":59,"column":16},"end":{"line":67,"column":17}},"10":{"start":{"line":60,"column":20},"end":{"line":66,"column":22}},"11":{"start":{"line":68,"column":16},"end":{"line":68,"column":22}},"12":{"start":{"line":71,"column":16},"end":{"line":79,"column":17}},"13":{"start":{"line":72,"column":20},"end":{"line":78,"column":22}},"14":{"start":{"line":80,"column":16},"end":{"line":80,"column":22}},"15":{"start":{"line":83,"column":16},"end":{"line":91,"column":17}},"16":{"start":{"line":84,"column":20},"end":{"line":90,"column":22}},"17":{"start":{"line":92,"column":16},"end":{"line":92,"column":22}},"18":{"start":{"line":95,"column":16},"end":{"line":101,"column":17}},"19":{"start":{"line":96,"column":20},"end":{"line":100,"column":22}},"20":{"start":{"line":102,"column":16},"end":{"line":102,"column":22}},"21":{"start":{"line":105,"column":16},"end":{"line":105,"column":68}},"22":{"start":{"line":108,"column":8},"end":{"line":108,"column":33}},"23":{"start":{"line":115,"column":21},"end":{"line":115,"column":48}},"24":{"start":{"line":116,"column":8},"end":{"line":116,"column":32}},"25":{"start":{"line":116,"column":19},"end":{"line":116,"column":32}},"26":{"start":{"line":118,"column":8},"end":{"line":128,"column":9}},"27":{"start":{"line":120,"column":16},"end":{"line":120,"column":47}},"28":{"start":{"line":121,"column":16},"end":{"line":121,"column":22}},"29":{"start":{"line":123,"column":16},"end":{"line":123,"column":53}},"30":{"start":{"line":124,"column":16},"end":{"line":124,"column":22}},"31":{"start":{"line":126,"column":16},"end":{"line":126,"column":49}},"32":{"start":{"line":127,"column":16},"end":{"line":127,"column":22}},"33":{"start":{"line":130,"column":8},"end":{"line":130,"column":26}},"34":{"start":{"line":131,"column":8},"end":{"line":131,"column":20}},"35":{"start":{"line":138,"column":20},"end":{"line":138,"column":30}},"36":{"start":{"line":139,"column":26},"end":{"line":139,"column":57}},"37":{"start":{"line":142,"column":8},"end":{"line":149,"column":9}},"38":{"start":{"line":144,"column":12},"end":{"line":144,"column":37}},"39":{"start":{"line":145,"colu
[...]
e":146,"column":12},"end":{"line":146,"column":39}},"41":{"start":{"line":147,"column":12},"end":{"line":147,"column":40}},"42":{"start":{"line":148,"column":12},"end":{"line":148,"column":30}},"43":{"start":{"line":156,"column":21},"end":{"line":156,"column":48}},"44":{"start":{"line":157,"column":8},"end":{"line":157,"column":31}},"45":{"start":{"line":157,"column":19},"end":{"line":157,"column":31}},"46":{"start":{"line":159,"column":8},"end":{"line":159,"column":44}},"47":{"start":{"line":161,"column":23},"end":{"line":161,"column":61}},"48":{"start":{"line":163,"column":8},"end":{"line":187,"column":10}},"49":{"start":{"line":194,"column":21},"end":{"line":194,"column":48}},"50":{"start":{"line":195,"column":8},"end":{"line":197,"column":9}},"51":{"start":{"line":196,"column":12},"end":{"line":196,"column":24}},"52":{"start":{"line":199,"column":22},"end":{"line":199,"column":54}},"53":{"start":{"line":201,"column":32},"end":{"line":205,"column":9}},"54":{"start":{"line":208,"column":26},"end":{"line":208,"column":88}},"55":{"start":{"line":208,"column":78},"end":{"line":208,"column":87}},"56":{"start":{"line":210,"column":8},"end":{"line":218,"column":9}},"57":{"start":{"line":211,"column":36},"end":{"line":211,"column":89}},"58":{"start":{"line":212,"column":12},"end":{"line":217,"column":14}},"59":{"start":{"line":216,"column":56},"end":{"line":216,"column":93}},"60":{"start":{"line":220,"column":8},"end":{"line":220,"column":44}},"61":{"start":{"line":224,"column":0},"end":{"line":224,"column":30}}},"fnMap":{"0":{"name":"(anonymous_0)","decl":{"start":{"line":39,"column":4},"end":{"line":39,"column":5}},"loc":{"start":{"line":39,"column":27},"end":{"line":41,"column":5}},"line":39},"1":{"name":"(anonymous_1)","decl":{"start":{"line":46,"column":4},"end":{"line":46,"column":5}},"loc":{"start":{"line":46,"column":50},"end":{"line":109,"column":5}},"line":46},"2":{"name":"(anonymous_2)","decl":{"start":{"line":114,"column":4},"end":{"line":114,"column":5}},"loc":{"start":{"line":114,"column":58},"end":{"line":132,"column":5}},"line":114},"3":{"name":"(anonymous_3)","decl":{"start":{"line":137,"column":4},"end":{"line":137,"column":5}},"loc":{"start":{"line":137,"column":42},"end":{"line":150,"column":5}},"line":137},"4":{"name":"(anonymous_4)","decl":{"start":{"line":155,"column":4},"end":{"line":155,"column":5}},"loc":{"start":{"line":155,"column":39},"end":{"line":188,"column":5}},"line":155},"5":{"name":"(anonymous_5)","decl":{"start":{"line":193,"column":4},"end":{"line":193,"column":5}},"loc":{"start":{"line":193,"column":50},"end":{"line":221,"column":5}},"line":193},"6":{"name":"(anonymous_6)","decl":{"start":{"line":208,"column":65},"end":{"line":208,"column":66}},"loc":{"start":{"line":208,"column":78},"end":{"line":208,"column":87}},"line":208},"7":{"name":"(anonymous_7)","decl":{"start":{"line":216,"column":39},"end":{"line":216,"column":40}},"loc":{"start":{"line":216,"column":56},"end":{"line":216,"column":93}},"line":216}},"branchMap":{"0":{"loc":{"start":{"line":40,"column":15},"end":{"line":40,"column":52}},"type":"binary-expr","locations":[{"start":{"line":40,"column":15},"end":{"line":40,"column":32}},{"start":{"line":40,"column":36},"end":{"line":40,"column":52}}],"line":40},"1":{"loc":{"start":{"line":48,"column":8},"end":{"line":50,"column":9}},"type":"if","locations":[{"start":{"line":48,"column":8},"end":{"line":50,"column":9}},{"start":{},"end":{}}],"line":48},"2":{"loc":{"start":{"line":57,"column":8},"end":{"line":106,"column":9}},"type":"switch","locations":[{"start":{"line":58,"column":12},"end":{"line":68,"column":22}},{"start":{"line":70,"column":12},"end":{"line":80,"column":22}},{"start":{"line":82,"column":12},"end":{"line":92,"column":22}},{"start":{"line":94,"column":12},"end":{"line":102,"column":22}},{"start":{"line":104,"column":12},"end":{"line":105,"column":68}}],"line":57},"3":{"loc":{"start":{"line":59,"column":16},"end":{"line":67,"column":17}},"type":"if","locations":[{"start":{"line":59,"column":16},"end":{"line":67,"column":17}},{"start":{},"end":{}}],"line":59},"4":{"loc":{"start":{"line":71,"column":16},"end":{"line":79,"column":17}},"type":"if","locations":[{"start":{"line":71,"column":16},"end":{"line":79,"column":17}},{"start":{},"end":{}}],"line":71},"5":{"loc":{"start":{"line":83,"column":16},"end":{"line":91,"column":17}},"type":"if","locations":[{"start":{"line":83,"column":16},"end":{"line":91,"column":17}},{"start":{},"end":{}}],"line":83},"6":{"loc":{"start":{"line":95,"column":16},"end":{"line":101,"column":17}},"type":"if","locations":[{"start":{"line":95,"column":16},"end":{"line":101,"column":17}},{"start":{},"end":{}}],"line":95},"7":{"loc":{"start":{"line":114,"column":46},"end":{"line":114,"column":56}},"type":"default-arg","locations":[{"start":{"line":114,"column":55},"end":{"line":114,"column":56}}],"line":114},"8":{"loc":{"start":{"line":116,"column":8},"end":{"line":116,"column":32}},"type":"if","locations":[{"start":{"line":116,"column":8},"end":{"line":116,"column":32}},{"start":{},"end":{}}],"line":116},"9":{"loc":{"start":{"line":118,"column":8},"end":{"line":128,"column":9}},"type":"switch","locations":[{"start":{"line":119,"column":12},"end":{"line":121,"column":22}},{"start":{"line":122,"column":12},"end":{"line":124,"column":22}},{"start":{"line":125,"column":12},"end":{"line":127,"column":22}}],"line":118},"10":{"loc":{"start":{"line":142,"column":8},"end":{"line":149,"column":9}},"type":"if","locations":[{"start":{"line":142,"column":8},"end":{"line":149,"column":9}},{"start":{},"end":{}}],"line":142},"11":{"loc":{"start":{"line":142,"column":12},"end":{"line":143,"column":57}},"type":"binary-expr","locations":[{"start":{"line":142,"column":12},"end":{"line":142,"column":51}},{"start":{"line":143,"column":12},"end":{"line":143,"column":57}}],"line":142},"12":{"loc":{"start":{"line":157,"column":8},"end":{"line":157,"column":31}},"type":"if","locations":[{"start":{"line":157,"column":8},"end":{"line":157,"column":31}},{"start":{},"end":{}}],"line":157},"13":{"loc":{"start":{"line":195,"column":8},"end":{"line":197,"column":9}},"type":"if","locations":[{"start":{"line":195,"column":8},"end":{"line":197,"column":9}},{"start":{},"end":{}}],"line":195},"14":{"loc":{"start":{"line":195,"column":12},"end":{"line":195,"column":55}},"type":"binary-expr","locations":[{"start":{"line":195,"column":12},"end":{"line":195,"column":17}},{"start":{"line":195,"column":21},"end":{"line":195,"column":55}}],"line":195},"15":{"loc":{"start":{"line":210,"column":8},"end":{"line":218,"column":9}},"type":"if","locations":[{"start":{"line":210,"column":8},"end":{"line":218,"column":9}},{"start":{},"end":{}}],"line":210},"16":{"loc":{"start":{"line":211,"column":36},"end":{"line":211,"column":89}},"type":"cond-expr","locations":[{"start":{"line":211,"column":72},"end":{"line":211,"column":79}},{"start":{"line":211,"column":82},"end":{"line":211,"column":89}}],"line":211}},"s":{"0":11,"1":11,"2":5,"3":4,"4":4,"5":1,"6":3,"7":3,"8":3,"9":1,"10":1,"11":0,"12":0,"13":0,"14":0,"15":0,"16":0,"17":0,"18":1,"19":0,"20":1,"21":1,"22":1,"23":3,"24":3,"25":0,"26":3,"27":1,"28":1,"29":1,"30":1,"31":1,"32":1,"33":3,"34":3,"35":5,"36":5,"37":5,"38":1,"39":1,"40":1,"41":1,"42":1,"43":2,"44":2,"45":1,"46":1,"47":1,"48":1,"49":2,"50":2,"51":1,"52":1,"53":1,"54":1,"55":3,"56":1,"57":1,"58":1,"59":1,"60":0,"61":11},"f":{"0":5,"1":4,"2":3,"3":5,"4":2,"5":2,"6":3,"7":1},"b":{"0":[5,1],"1":[1,3],"2":[1,0,0,1,1],"3":[1,0],"4":[0,0],"5":[0,0],"6":[0,1],"7":[0],"8":[0,3],"9":[1,1,1],"10":[1,4],"11":[5,4],"12":[1,1],"13":[1,1],"14":[2,2],"15":[1,0],"16":[1,0]},"_coverageSchema":"1a1c01bbd47fc00a2c39e90264f33305004495a9","hash":"06d35dd167c1279e241e15915fbee362d97dbf81"}
,"E:\\7th Semester\\NLP\\Project\\backend\\src\\utils\\helpers.js": {"path":"E:\\7th Semester\\NLP\\Project\\backend\\src\\utils\\helpers.js","statementMap":{"0":{"start":{"line":1,"column":15},"end":{"line":1,"column":32}},"1":{"start":{"line":6,"column":29},"end":{"line":8,"column":1}},"2":{"start":{"line":7,"column":4},"end":{"line":7,"column":54}},"3":{"start":{"line":13,"column":26},"end":{"line":15,"column":1}},"4":{"start":{"line":14,"column":4},"end":{"line":14,"column":63}},"5":{"start":{"line":22,"column":18},"end":{"line":73,"column":1}},"6":{"start":{"line":23,"column":4},"end":{"line":23,"column":33}},"7":{"start":{"line":23,"column":21},"end":{"line":23,"column":33}},"8":{"start":{"line":26,"column":17},"end":{"line":26,"column":37}},"9":{"start":{"line":27,"column":4},"end":{"line":29,"column":5}},"10":{"start":{"line":28,"column":8},"end":{"line":28,"column":20}},"11":{"start":{"line":32,"column":18},"end":{"line":32,"column":28}},"12":{"start":{"line":33,"column":20},"end":{"line":33,"column":44}},"13":{"start":{"line":35,"column":4},"end":{"line":37,"column":5}},"14":{"start":{"line":36,"column":8},"end":{"line":36,"column":21}},"15":{"start":{"line":39,"column":4},"end":{"line":43,"column":5}},"16":{"start":{"line":40,"column":25},"end":{"line":40,"column":40}},"17":{"start":{"line":41,"column":8},"end":{"line":41,"column":49}},"18":{"start":{"line":42,"column":8},"end":{"line":42,"column":24}},"19":{"start":{"line":45,"column":4},"end":{"line":49,"column":5}},"20":{"start":{"line":46,"column":25},"end":{"line":46,"column":40}},"21":{"start":{"line":47,"column":8},"end":{"line":47,"column":49}},"22":{"start":{"line":48,"column":8},"end":{"line":48,"column":24}},"23":{"start":{"line":51,"column":4},"end":{"line":55,"column":5}},"24":{"start":{"line":52,"column":26},"end":{"line":52,"column":41}},"25":{"start":{"line":53,"column":8},"end":{"line":53,"column":53}},"26":{"start":{"line":54,"column":8},"end":{"line":54,"column":25}},"27":{"start":{"line":58,"column":17},"end":{"line":58,"column":95}},"28":{"start":{"line":59,"column":4},"end":{"line":70,"column":5}},"29":{"start":{"line":59,"column":17},"end":{"line":59,"column":18}},"30":{"start":{"line":60,"column":8},"end":{"line":69,"column":9}},"31":{"start":{"line":61,"column":30},"end":{"line":61,"column":31}},"32":{"start":{"line":62,"column":31},"end":{"line":62,"column":45}},"33":{"start":{"line":63,"column":28},"end":{"line":63,"column":50}},"34":{"start":{"line":64,"column":12},"end":{"line":64,"column":47}},"35":{"start":{"line":64,"column":32},"end":{"line":64,"column":47}},"36":{"start":{"line":66,"column":27},"end":{"line":66,"column":42}},"37":{"start":{"line":67,"column":12},"end":{"line":67,"column":57}},"38":{"start":{"line":68,"column":12},"end":{"line":68,"column":26}},"39":{"start":{"line":72,"column":4},"end":{"line":72,"column":16}},"40":{"start":{"line":78,"column":19},"end":{"line":100,"column":1}},"41":{"start":{"line":79,"column":4},"end":{"line":79,"column":28}},"42":{"start":{"line":79,"column":15},"end":{"line":79,"column":28}},"43":{"start":{"line":81,"column":14},"end":{"line":81,"column":28}},"44":{"start":{"line":83,"column":4},"end":{"line":99,"column":5}},"45":{"start":{"line":85,"column":12},"end":{"line":85,"column":42}},"46":{"start":{"line":87,"column":12},"end":{"line":92,"column":15}},"47":{"start":{"line":94,"column":12},"end":{"line":94,"column":35}},"48":{"start":{"line":96,"column":12},"end":{"line":96,"column":42}},"49":{"start":{"line":98,"column":12},"end":{"line":98,"column":42}},"50":{"start":{"line":105,"column":27},"end":{"line":110,"column":1}},"51":{"start":{"line":106,"column":22},"end":{"line":106,"column":37}},"52":{"start":{"line":107,"column":20},"end":{"line":107,"column":33}},"53":{"start":{"line":108,"column":19},"end":{"line":108,"column":38}},"54":{"start":{"line":109,"column":4},"end":{"line":109,"column":38}},"55":{"start":{"line":115,"column":25},"end":{"line":120,"column":1}},"56":{"start":{"line":116,"column":4},"end":{"line":119,"column":23}},"57":{"start":{"line":125,"column":17},"end":{"line":135,"column":1}},"58":{"start":{"line":126,"column":20},"end":{"line":126,"column":47}},"59":{"start":{"line":127,"column":21},"end":{"line":127,"column":64}},"60":{"start":{"line":128,"column":17},"end":{"line":128,"column":41}},"61":{"start":{"line":130,"column":4},"end":{"line":134,"column":6}},"62":{"start":{"line":140,"column":25},"end":{"line":152,"column":1}},"63":{"start":{"line":141,"column":4},"end":{"line":151,"column":6}},"64":{"start":{"line":157,"column":25},"end":{"line":159,"column":1}},"65":{"start":{"line":158,"column":4},"end":{"line":158,"column":51}},"66":{"start":{"line":164,"column":21},"end":{"line":167,"column":1}},"67":{"start":{"line":165,"column":23},"end":{"line":165,"column":51}},"68":{"start":{"line":166,"column":4},"end":{"line":166,"column":34}},"69":{"start":{"line":169,"column":0},"end":{"line":180,"column":2}}},"fnMap":{"0":{"name":"(anonymous_0)","decl":{"start":{"line":6,"column":29},"end":{"line":6,"column":30}},"loc":{"start":{"line":6,"column":46},"end":{"line":8,"column":1}},"line":6},"1":{"name":"(anonymous_1)","decl":{"start":{"line":13,"column":26},"end":{"line":13,"column":27}},"loc":{"start":{"line":13,"column":32},"end":{"line":15,"column":1}},"line":13},"2":{"name":"(anonymous_2)","decl":{"start":{"line":22,"column":18},"end":{"line":22,"column":19}},"loc":{"start":{"line":22,"column":34},"end":{"line":73,"column":1}},"line":22},"3":{"name":"(anonymous_3)","decl":{"start":{"line":78,"column":19},"end":{"line":78,"column":20}},"loc":{"start":{"line":78,"column":47},"end":{"line":100,"column":1}},"line":78},"4":{"name":"(anonymous_4)","decl":{"start":{"line":105,"column":27},"end":{"line":105,"column":28}},"loc":{"start":{"line":105,"column":43},"end":{"line":110,"column":1}},"line":105},"5":{"name":"(anonymous_5)","decl":{"start":{"line":115,"column":25},"end":{"line":115,"column":26}},"loc":{"start":{"line":115,"column":39},"end":{"line":120,"column":1}},"line":115},"6":{"name":"(anonymous_6)","decl":{"start":{"line":125,"column":17},"end":{"line":125,"column":18}},"loc":{"start":{"line":125,"column":43},"end":{"line":135,"column":1}},"line":125},"7":{"name":"(anonymous_7)","decl":{"start":{"line":140,"column":25},"end":{"line":140,"column":26}},"loc":{"start":{"line":140,"column":55},"end":{"line":152,"column":1}},"line":140},"8":{"name":"(anonymous_8)","decl":{"start":{"line":157,"column":25},"end":{"line":157,"column":26}},"loc":{"start":{"line":157,"column":39},"end":{"line":159,"column":1}},"line":157},"9":{"name":"(anonymous_9)","decl":{"start":{"line":164,"column":21},"end":{"line":164,"column":22}},"loc":{"start":{"line":164,"column":32},"end":{"line":167,"column":1}},"line":164}},"branchMap":{"0":{"loc":{"start":{"line":6,"column":30},"end":{"line":6,"column":41}},"type":"default-arg","locations":[{"start":{"line":6,"column":39},"end":{"line":6,"column":41}}],"line":6},"1":{"loc":{"start":{"line":23,"column":4},"end":{"line":23,"column":33}},"type":"if","locations":[{"start":{"line":23,"column":4},"end":{"line":23,"column":33}},{"start":{},"end":{}}],"line":23},"2":{"loc":{"start":{"line":27,"column":4},"end":{"line":29,"column":5}},"type":"if","locations":[{"start":{"line":27,"column":4},"end":{"line":29,"column":5}},{"start":{},"end":{}}],"line":27},"3":{"loc":{"start":{"line":35,"column":4},"end":{"line":37,"column":5}},"type":"if","locations":[{"start":{"line":35,"column":4},"end":{"line":37,"column":5}},{"start":{},"end":{}}],"line":35},"4":{"loc":{"start":{"line":39,"column":4},"end":{"line":43,"column":5}},"type":"if","locations":[{"start":{"line":39,"column":4},"end":{"line":43,"column":5}},{"start":{},"end":{}}],"line":39},"5":{"loc":{"start":{"line":45,"column":4},"end":{"line":49,"column":5}},"type":"if","locations":[{"start":{"line":45,"column":4},"end":{"line":49,"column":5}},{"start":{},"end":{}}],"line":45},"6":{"loc":{"start":{"line":51,"column":4},"end":{"line":55,"column":5}},"type":"if","locations":[{"start":{"line":51,"column":4},"end":{"line":55,"column":5}},{"start":{},"end":{}}],"line":51},"7":{"loc":{"start":{"line":60,"column":8},"end":{"line":69,"column":9}},"type":"if","locations":[{"start":{"line":60,"column":8},"end":{"line":69,"column":9}},{"start":{},"end":{}}],"line":60},"8":{"loc":{"start":{"line":64,"column":12},"end":{"line":64,"column":47}},"type":"if","locations":[{"start":{"line":64,"column":12},"end":{"line":64,"column":47}},{"start":{},"end":{}}],"line":64},"9":{"loc":{"start":{"line":78,"column":26},"end":{"line":78,"column":42}},"type":"default-arg","locations":[{"start":{"line":78,"column":35},"end":{"line":78,"column":42}}],"line":78},"10":{"loc":{"start":{"line":79,"column":4},"end":{"line":79,"column":28}},"type":"if","locations":[{"start":{"line":79,"column":4},"end":{"line":79,"column":28}},{"start":{},"end":{}}],"line":79},"11":{"loc":{"start":{"line":83,"column":4},"end":{"line":99,"column":5}},"type":"switch","locations":[{"start":{"line":84,"column":8},"end":{"line":85,"column":42}},{"start":{"line":86,"column":8},"end":{"line":92,"column":15}},{"start":{"line":93,"column":8},"end":{"line":94,"column":35}},{"start":{"line":95,"column":8},"end":{"line":96,"column":42}},{"start":{"line":97,"column":8},"end":{"line":98,"column":42}}],"line":83},"12":{"loc":{"start":{"line":125,"column":18},"end":{"line":125,"column":26}},"type":"default-arg","locations":[{"start":{"line":125,"column":25},"end":{"line":125,"column":26}}],"line":125},"13":{"loc":{"start":{"line":125,"column":28},"end":{"line":125,"column":38}},"type":"default-arg","locations":[{"start":{"line":125,"column":36},"end":{"line":125,"column":38}}],"line":125}},"s":{"0":5,"1":5,"2":3,"3":5,"4":1,"5":5,"6":10,"7":1,"8":9,"9":9,"10":1,"11":8,"12":8,"13":8,"14":1,"15":7,"16":2,"17":2,"18":2,"19":5,"20":1,"21":1,"22":1,"23":4,"24":1,"25":1,"26":1,"27":3,"28":3,"29":3,"30":15,"31":2,"32":2,"33":2,"34":2,"35":1,"36":2,"37":2,"38":2,"39":1,"40":5,"41":6,"42":1,"43":5,"44":5,"45":1,"46":1,"47":1,"48":1,"49":1,"50":5,"51":1,"52":1,"53":1,"54":1,"55":5,"56":2,"57":5,"58":4,"59":4,"60":4,"61":4,"62":5,"63":1,"64":5,"65":2,"66":5,"67":3,"68":3,"69":5},"f":{"0":3,"1":1,"2":10,"3":6,"4":1,"5":2,"6":4,"7":1,"8":2,"9":3},"b":{"0":[1],"1":[1,9],"2":[1,8],"3":[1,7],"4":[2,5],"5":[1,4],"6":[1,3],"7":[2,13],"8":[1,1],"9":[1],"10":[1,5],"11":[1,1,1,1,1],"12":[1],"13":[1]},"_coverageSchema":"1a1c01bbd47fc00a2c39e90264f33305004495a9","hash":"273dd42c60da90e619c5c903ef44c31e24389b00"}
,"E:\\7th Semester\\NLP\\Project\\backend\\src\\utils\\jwt.js": {"path":"E:\\7th Semester\\NLP\\Project\\backend\\src\\utils\\jwt.js","statementMap":{"0":{"start":{"line":1,"column":12},"end":{"line":1,"column":35}},"1":{"start":{"line":6,"column":22},"end":{"line":12,"column":1}},"2":{"start":{"line":7,"column":4},"end":{"line":11,"column":6}},"3":{"start":{"line":17,"column":20},"end":{"line":19,"column":1}},"4":{"start":{"line":18,"column":4},"end":{"line":18,"column":53}},"5":{"start":{"line":24,"column":20},"end":{"line":26,"column":1}},"6":{"start":{"line":25,"column":4},"end":{"line":25,"column":29}},"7":{"start":{"line":28,"column":0},"end":{"line":32,"column":2}}},"fnMap":{"0":{"name":"(anonymous_0)","decl":{"start":{"line":6,"column":22},"end":{"line":6,"column":23}},"loc":{"start":{"line":6,"column":34},"end":{"line":12,"column":1}},"line":6},"1":{"name":"(anonymous_1)","decl":{"start":{"line":17,"column":20},"end":{"line":17,"column":21}},"loc":{"start":{"line":17,"column":31},"end":{"line":19,"column":1}},"line":17},"2":{"name":"(anonymous_2)","decl":{"start":{"line":24,"column":20},"end":{"line":24,"column":21}},"loc":{"start":{"line":24,"column":31},"end":{"line":26,"column":1}},"line":24}},"branchMap":{"0":{"loc":{"start":{"line":10,"column":21},"end":{"line":10,"column":55}},"type":"binary-expr","locations":[{"start":{"line":10,"column":21},"end":{"line":10,"column":47}},{"start":{"line":10,"column":51},"end":{"line":10,"column":55}}],"line":10}},"s":{"0":1,"1":1,"2":3,"3":1,"4":3,"5":1,"6":1,"7":1},"f":{"0":3,"1":3,"2":1},"b":{"0":[3,1]},"_coverageSchema":"1a1c01bbd47fc00a2c39e90264f33305004495a9","hash":"30d5721ced213c77fba0b604ee61332931d67e72"}
}
