TN:
SF:src\app.js
FN:73,(anonymous_0)
FN:91,(anonymous_1)
FNF:2
FNH:2
FNDA:1,(anonymous_0)
FNDA:1,(anonymous_1)
DA:1,2
DA:2,2
DA:3,2
DA:4,2
DA:5,2
DA:6,2
DA:7,2
DA:8,2
DA:9,2
DA:12,2
DA:13,2
DA:14,2
DA:15,2
DA:16,2
DA:17,2
DA:18,2
DA:19,2
DA:22,2
DA:25,2
DA:27,2
DA:30,2
DA:35,2
DA:43,2
DA:49,2
DA:50,2
DA:51,2
DA:54,2
DA:66,2
DA:67,2
DA:70,2
DA:73,2
DA:74,1
DA:78,2
DA:81,2
DA:82,2
DA:83,2
DA:84,2
DA:85,2
DA:86,2
DA:87,2
DA:88,2
DA:91,2
DA:92,1
DA:96,2
DA:98,2
LF:45
LH:45
BRDA:36,0,0,2
BRDA:36,0,1,2
BRDA:55,1,0,2
BRDA:55,1,1,2
BRF:4
BRH:4
end_of_record
TN:
SF:src\controllers\auth.controller.js
FN:14,(anonymous_0)
FN:69,(anonymous_1)
FN:125,(anonymous_2)
FN:163,(anonymous_3)
FN:229,(anonymous_4)
FN:253,(anonymous_5)
FN:293,(anonymous_6)
FN:305,(anonymous_7)
FN:318,(anonymous_8)
FN:347,(anonymous_9)
FNF:10
FNH:6
FNDA:1,(anonymous_0)
FNDA:1,(anonymous_1)
FNDA:1,(anonymous_2)
FNDA:1,(anonymous_3)
FNDA:0,(anonymous_4)
FNDA:0,(anonymous_5)
FNDA:1,(anonymous_6)
FNDA:1,(anonymous_7)
FNDA:0,(anonymous_8)
FNDA:0,(anonymous_9)
DA:1,6
DA:2,6
DA:3,6
DA:4,6
DA:5,6
DA:6,6
DA:14,6
DA:15,1
DA:18,1
DA:19,1
DA:22,0
DA:23,0
DA:27,0
DA:28,0
DA:29,0
DA:33,0
DA:34,0
DA:37,0
DA:48,0
DA:55,0
DA:56,0
DA:58,0
DA:69,6
DA:70,1
DA:72,1
DA:73,1
DA:76,0
DA:80,0
DA:81,0
DA:84,0
DA:85,0
DA:88,0
DA:89,0
DA:92,0
DA:93,0
DA:96,0
DA:97,0
DA:101,0
DA:102,0
DA:103,0
DA:104,0
DA:107,0
DA:109,0
DA:125,6
DA:126,1
DA:128,1
DA:129,1
DA:132,0
DA:134,0
DA:135,0
DA:138,0
DA:139,0
DA:143,0
DA:144,0
DA:146,0
DA:147,0
DA:148,0
DA:151,0
DA:152,0
DA:154,0
DA:163,6
DA:164,1
DA:167,1
DA:168,0
DA:172,1
DA:174,1
DA:175,0
DA:179,1
DA:180,0
DA:184,1
DA:185,1
DA:186,0
DA:190,1
DA:192,1
DA:208,6
DA:224,6
DA:230,0
DA:233,0
DA:236,0
DA:237,0
DA:238,0
DA:246,0
DA:253,6
DA:254,0
DA:256,0
DA:257,0
DA:261,0
DA:263,0
DA:293,6
DA:294,1
DA:296,1
DA:305,6
DA:306,1
DA:307,1
DA:309,1
DA:318,6
DA:319,0
DA:321,0
DA:323,0
DA:324,0
DA:327,0
DA:328,0
DA:331,0
DA:333,0
DA:347,6
DA:348,0
DA:351,0
DA:354,0
DA:356,0
DA:358,0
DA:364,6
LF:111
LH:41
BRDA:18,0,0,1
BRDA:18,0,1,0
BRDA:18,1,0,1
BRDA:18,1,1,0
BRDA:18,1,2,0
BRDA:22,2,0,0
BRDA:22,2,1,0
BRDA:28,3,0,0
BRDA:28,3,1,0
BRDA:72,4,0,1
BRDA:72,4,1,0
BRDA:72,5,0,1
BRDA:72,5,1,1
BRDA:80,6,0,0
BRDA:80,6,1,0
BRDA:84,7,0,0
BRDA:84,7,1,0
BRDA:88,8,0,0
BRDA:88,8,1,0
BRDA:88,9,0,0
BRDA:88,9,1,0
BRDA:92,10,0,0
BRDA:92,10,1,0
BRDA:96,11,0,0
BRDA:96,11,1,0
BRDA:128,12,0,1
BRDA:128,12,1,0
BRDA:134,13,0,0
BRDA:134,13,1,0
BRDA:138,14,0,0
BRDA:138,14,1,0
BRDA:167,15,0,0
BRDA:167,15,1,1
BRDA:167,16,0,1
BRDA:167,16,1,1
BRDA:174,17,0,0
BRDA:174,17,1,1
BRDA:179,18,0,0
BRDA:179,18,1,1
BRDA:179,19,0,1
BRDA:179,19,1,0
BRDA:185,20,0,0
BRDA:185,20,1,1
BRDA:237,21,0,0
BRDA:237,21,1,0
BRDA:256,22,0,0
BRDA:256,22,1,0
BRDA:275,23,0,0
BRDA:275,23,1,0
BRDA:311,24,0,1
BRDA:311,24,1,0
BRDA:323,25,0,0
BRDA:323,25,1,0
BRDA:327,26,0,0
BRDA:327,26,1,0
BRF:55
BRH:14
end_of_record
TN:
SF:src\controllers\reminder.controller.js
FN:8,(anonymous_0)
FN:49,(anonymous_1)
FN:79,(anonymous_2)
FN:97,(anonymous_3)
FN:136,(anonymous_4)
FN:156,(anonymous_5)
FNF:6
FNH:3
FNDA:2,(anonymous_0)
FNDA:0,(anonymous_1)
FNDA:1,(anonymous_2)
FNDA:0,(anonymous_3)
FNDA:0,(anonymous_4)
FNDA:1,(anonymous_5)
DA:1,4
DA:2,4
DA:3,4
DA:8,4
DA:9,2
DA:11,2
DA:12,1
DA:17,1
DA:19,1
DA:20,0
DA:25,1
DA:35,1
DA:49,4
DA:50,0
DA:51,0
DA:53,0
DA:55,0
DA:56,0
DA:59,0
DA:60,0
DA:61,0
DA:64,0
DA:73,0
DA:79,4
DA:80,1
DA:82,1
DA:87,1
DA:88,1
DA:91,0
DA:97,4
DA:98,0
DA:99,0
DA:101,0
DA:106,0
DA:107,0
DA:110,0
DA:111,0
DA:114,0
DA:115,0
DA:116,0
DA:117,0
DA:118,0
DA:119,0
DA:121,0
DA:123,0
DA:125,0
DA:127,0
DA:136,4
DA:137,0
DA:139,0
DA:144,0
DA:145,0
DA:148,0
DA:150,0
DA:156,4
DA:157,1
DA:159,1
DA:164,1
DA:165,0
DA:168,1
DA:169,0
DA:172,1
DA:173,1
DA:175,1
DA:181,4
LF:65
LH:28
BRDA:11,0,0,1
BRDA:11,0,1,1
BRDA:11,1,0,2
BRDA:11,1,1,1
BRDA:19,2,0,0
BRDA:19,2,1,1
BRDA:19,3,0,1
BRDA:19,3,1,1
BRDA:27,4,0,1
BRDA:27,4,1,1
BRDA:29,5,0,1
BRDA:29,5,1,1
BRDA:31,6,0,1
BRDA:31,6,1,1
BRDA:55,7,0,0
BRDA:55,7,1,0
BRDA:59,8,0,0
BRDA:59,8,1,0
BRDA:87,9,0,1
BRDA:87,9,1,0
BRDA:106,10,0,0
BRDA:106,10,1,0
BRDA:110,11,0,0
BRDA:110,11,1,0
BRDA:114,12,0,0
BRDA:114,12,1,0
BRDA:115,13,0,0
BRDA:115,13,1,0
BRDA:116,14,0,0
BRDA:116,14,1,0
BRDA:118,15,0,0
BRDA:118,15,1,0
BRDA:118,16,0,0
BRDA:118,16,1,0
BRDA:123,17,0,0
BRDA:123,17,1,0
BRDA:144,18,0,0
BRDA:144,18,1,0
BRDA:164,19,0,0
BRDA:164,19,1,1
BRDA:168,20,0,0
BRDA:168,20,1,1
BRF:42
BRH:16
end_of_record
TN:
SF:src\middleware\auth.middleware.js
FN:7,(anonymous_0)
FN:67,(anonymous_1)
FNF:2
FNH:2
FNDA:7,(anonymous_0)
FNDA:4,(anonymous_1)
DA:1,11
DA:2,11
DA:7,11
DA:8,7
DA:10,7
DA:12,7
DA:13,5
DA:14,2
DA:15,1
DA:18,7
DA:19,1
DA:26,6
DA:29,3
DA:31,3
DA:32,1
DA:39,2
DA:40,2
DA:42,3
DA:43,1
DA:49,2
DA:50,1
DA:56,1
DA:57,1
DA:67,11
DA:68,4
DA:69,4
DA:71,4
DA:72,2
DA:73,2
DA:74,1
DA:77,4
DA:78,3
DA:79,2
DA:80,2
DA:81,1
DA:85,3
DA:88,1
DA:92,11
LF:38
LH:38
BRDA:12,0,0,5
BRDA:12,0,1,2
BRDA:14,1,0,1
BRDA:14,1,1,1
BRDA:18,2,0,1
BRDA:18,2,1,6
BRDA:31,3,0,1
BRDA:31,3,1,2
BRDA:42,4,0,1
BRDA:42,4,1,2
BRDA:49,5,0,1
BRDA:49,5,1,1
BRDA:71,6,0,2
BRDA:71,6,1,2
BRDA:73,7,0,1
BRDA:73,7,1,1
BRDA:77,8,0,3
BRDA:77,8,1,1
BRDA:80,9,0,1
BRDA:80,9,1,1
BRF:20
BRH:20
end_of_record
TN:
SF:src\middleware\error.middleware.js
FN:5,(anonymous_0)
FN:18,(anonymous_1)
FN:41,(anonymous_2)
FN:93,(anonymous_3)
FN:94,(anonymous_4)
FN:102,(anonymous_5)
FNF:6
FNH:6
FNDA:5,(anonymous_0)
FNDA:10,(anonymous_1)
FNDA:2,(anonymous_2)
FNDA:85,(anonymous_3)
FNDA:11,(anonymous_4)
FNDA:1,(anonymous_5)
DA:6,5
DA:7,5
DA:8,5
DA:9,5
DA:11,5
DA:18,13
DA:20,10
DA:21,10
DA:22,10
DA:25,10
DA:26,1
DA:33,9
DA:37,10
DA:39,1
DA:40,1
DA:41,2
DA:47,10
DA:49,1
DA:50,1
DA:53,10
DA:55,1
DA:56,1
DA:57,1
DA:58,1
DA:61,10
DA:62,1
DA:63,1
DA:66,10
DA:67,1
DA:68,1
DA:72,10
DA:73,1
DA:74,1
DA:77,10
DA:78,1
DA:79,1
DA:83,10
DA:93,13
DA:94,85
DA:95,11
DA:102,13
DA:103,1
DA:109,13
LF:43
LH:43
BRDA:5,0,0,1
BRDA:5,1,0,4
BRDA:20,2,0,10
BRDA:20,2,1,10
BRDA:21,3,0,10
BRDA:21,3,1,1
BRDA:22,4,0,10
BRDA:22,4,1,10
BRDA:25,5,0,1
BRDA:25,5,1,9
BRDA:37,6,0,1
BRDA:37,6,1,9
BRDA:47,7,0,1
BRDA:47,7,1,9
BRDA:53,8,0,1
BRDA:53,8,1,9
BRDA:61,9,0,1
BRDA:61,9,1,9
BRDA:66,10,0,1
BRDA:66,10,1,9
BRDA:72,11,0,1
BRDA:72,11,1,9
BRDA:77,12,0,1
BRDA:77,12,1,9
BRDA:85,13,0,10
BRDA:85,13,1,2
BRDA:86,14,0,10
BRDA:86,14,1,1
BRF:28
BRH:28
end_of_record
TN:
SF:src\middleware\tier.middleware.js
FN:6,(anonymous_0)
FN:7,(anonymous_1)
FN:31,(anonymous_2)
FN:32,(anonymous_3)
FN:67,(anonymous_4)
FN:91,(anonymous_5)
FNF:6
FNH:6
FNDA:3,(anonymous_0)
FNDA:3,(anonymous_1)
FNDA:4,(anonymous_2)
FNDA:4,(anonymous_3)
FNDA:3,(anonymous_4)
FNDA:3,(anonymous_5)
DA:1,13
DA:6,13
DA:7,3
DA:8,3
DA:9,1
DA:15,2
DA:16,1
DA:24,1
DA:31,13
DA:32,4
DA:33,4
DA:34,1
DA:39,3
DA:40,3
DA:42,2
DA:43,1
DA:55,1
DA:56,1
DA:58,1
DA:59,1
DA:67,13
DA:68,3
DA:69,1
DA:74,2
DA:76,2
DA:77,1
DA:85,1
DA:91,13
DA:92,3
DA:93,2
DA:94,2
DA:96,1
DA:99,3
DA:102,13
LF:34
LH:34
BRDA:8,0,0,1
BRDA:8,0,1,2
BRDA:15,1,0,1
BRDA:15,1,1,1
BRDA:33,2,0,1
BRDA:33,2,1,3
BRDA:42,3,0,1
BRDA:42,3,1,1
BRDA:68,4,0,1
BRDA:68,4,1,2
BRDA:76,5,0,1
BRDA:76,5,1,1
BRDA:92,6,0,2
BRDA:92,6,1,1
BRF:14
BRH:14
end_of_record
TN:
SF:src\middleware\validate.middleware.js
FN:6,(anonymous_0)
FN:12,(anonymous_1)
FN:28,(anonymous_2)
FN:33,(anonymous_3)
FN:39,(anonymous_4)
FNF:5
FNH:5
FNDA:2,(anonymous_0)
FNDA:2,(anonymous_1)
FNDA:2,(anonymous_2)
FNDA:2,(anonymous_3)
FNDA:2,(anonymous_4)
DA:1,1
DA:6,1
DA:7,2
DA:9,2
DA:10,1
DA:12,2
DA:20,1
DA:26,1
DA:29,2
DA:34,2
DA:35,2
DA:40,2
DA:44,1
LF:13
LH:13
BRDA:9,0,0,1
BRDA:9,0,1,1
BRF:2
BRH:2
end_of_record
TN:
SF:src\models\CalendarEvent.js
FNF:0
FNH:0
DA:1,1
DA:3,1
DA:73,1
DA:74,1
DA:75,1
DA:77,1
LF:6
LH:6
BRF:0
BRH:0
end_of_record
TN:
SF:src\models\Contract.js
FNF:0
FNH:0
DA:1,1
DA:3,1
DA:83,1
DA:84,1
DA:85,1
DA:87,1
LF:6
LH:6
BRF:0
BRH:0
end_of_record
TN:
SF:src\models\MeetingTranscript.js
FNF:0
FNH:0
DA:1,1
DA:3,1
DA:96,1
DA:97,1
DA:99,1
LF:5
LH:5
BRF:0
BRH:0
end_of_record
TN:
SF:src\models\Reminder.js
FNF:0
FNH:0
DA:1,1
DA:3,1
DA:62,1
DA:63,1
DA:65,1
LF:5
LH:5
BRF:0
BRH:0
end_of_record
TN:
SF:src\models\Subscription.js
FN:62,(anonymous_0)
FNF:1
FNH:1
FNDA:1,(anonymous_0)
DA:1,1
DA:3,1
DA:62,1
DA:63,1
DA:70,1
DA:71,1
DA:73,1
DA:76,1
LF:8
LH:8
BRDA:70,0,0,1
BRDA:70,0,1,0
BRF:2
BRH:1
end_of_record
TN:
SF:src\models\User.js
FN:84,(anonymous_0)
FN:104,(anonymous_1)
FN:115,(anonymous_2)
FN:121,(anonymous_3)
FN:144,(anonymous_4)
FN:160,(anonymous_5)
FNF:6
FNH:6
FNDA:4,(anonymous_0)
FNDA:1,(anonymous_1)
FNDA:1,(anonymous_2)
FNDA:3,(anonymous_3)
FNDA:1,(anonymous_4)
FNDA:1,(anonymous_5)
DA:1,1
DA:2,1
DA:4,1
DA:84,4
DA:94,1
DA:97,1
DA:104,1
DA:105,1
DA:106,0
DA:109,1
DA:110,1
DA:111,1
DA:115,1
DA:116,1
DA:117,0
DA:121,1
DA:122,3
DA:129,3
DA:131,3
DA:133,1
DA:135,1
DA:137,1
DA:139,0
DA:144,1
DA:145,1
DA:147,1
DA:148,1
DA:150,0
DA:151,0
DA:153,0
DA:154,0
DA:156,1
DA:160,1
DA:161,1
DA:162,1
DA:163,1
DA:164,1
DA:165,1
DA:168,1
LF:39
LH:32
BRDA:105,0,0,0
BRDA:105,0,1,1
BRDA:105,1,0,1
BRDA:105,1,1,1
BRDA:116,2,0,1
BRDA:116,2,1,0
BRDA:131,3,0,1
BRDA:131,3,1,1
BRDA:131,3,2,1
BRDA:131,3,3,0
BRDA:144,4,0,0
BRDA:145,5,0,1
BRDA:145,5,1,0
BRDA:145,5,2,0
BRF:14
BRH:8
end_of_record
TN:
SF:src\routes\auth.routes.js
FNF:0
FNH:0
DA:1,1
DA:2,1
DA:3,1
DA:4,1
DA:62,1
DA:116,1
DA:148,1
DA:175,1
DA:178,1
DA:179,1
DA:214,1
DA:229,1
DA:250,1
DA:274,1
DA:289,1
DA:291,1
LF:16
LH:16
BRF:0
BRH:0
end_of_record
TN:
SF:src\routes\calendar.routes.js
FNF:0
FNH:0
DA:1,1
DA:2,1
DA:3,1
DA:4,1
DA:7,1
DA:54,1
DA:55,1
DA:69,1
DA:125,1
DA:126,1
DA:127,1
DA:151,1
DA:153,1
LF:13
LH:13
BRF:0
BRH:0
end_of_record
TN:
SF:src\routes\contract.routes.js
FNF:0
FNH:0
DA:1,1
DA:2,1
DA:3,1
DA:4,1
DA:7,1
DA:58,1
DA:94,1
DA:117,1
DA:176,1
DA:177,1
DA:178,1
DA:198,1
DA:218,1
DA:245,1
DA:247,1
LF:15
LH:15
BRF:0
BRH:0
end_of_record
TN:
SF:src\routes\google.routes.js
FNF:0
FNH:0
DA:1,1
DA:2,1
DA:3,1
DA:4,1
DA:7,1
DA:49,1
DA:79,1
DA:116,1
DA:130,1
DA:172,1
DA:173,1
DA:175,1
LF:12
LH:12
BRF:0
BRH:0
end_of_record
TN:
SF:src\routes\meeting.routes.js
FN:11,(anonymous_0)
FN:14,(anonymous_1)
FN:25,(anonymous_2)
FNF:3
FNH:0
FNDA:0,(anonymous_0)
FNDA:0,(anonymous_1)
FNDA:0,(anonymous_2)
DA:1,1
DA:2,1
DA:3,1
DA:4,1
DA:5,1
DA:6,1
DA:7,1
DA:10,1
DA:12,0
DA:15,0
DA:16,0
DA:20,1
DA:26,0
DA:32,0
DA:33,0
DA:35,0
DA:41,1
DA:95,1
DA:139,1
DA:186,1
DA:208,1
DA:266,1
DA:267,1
DA:268,1
DA:307,1
DA:327,1
DA:347,1
DA:349,1
LF:28
LH:21
BRDA:32,0,0,0
BRDA:32,0,1,0
BRF:2
BRH:0
end_of_record
TN:
SF:src\routes\reminder.routes.js
FNF:0
FNH:0
DA:1,1
DA:2,1
DA:3,1
DA:4,1
DA:7,1
DA:47,1
DA:61,1
DA:120,1
DA:121,1
DA:122,1
DA:142,1
DA:144,1
LF:12
LH:12
BRF:0
BRH:0
end_of_record
TN:
SF:src\routes\stream.routes.js
FNF:0
FNH:0
DA:1,1
DA:2,1
DA:3,1
DA:4,1
DA:5,1
DA:6,1
DA:9,1
DA:17,1
DA:57,1
DA:82,1
DA:106,1
DA:126,1
DA:140,1
DA:142,1
LF:14
LH:14
BRF:0
BRH:0
end_of_record
TN:
SF:src\routes\subscription.routes.js
FNF:0
FNH:0
DA:1,1
DA:2,1
DA:3,1
DA:4,1
DA:7,1
DA:41,1
DA:74,1
DA:96,1
DA:111,1
DA:125,1
DA:147,1
DA:169,1
DA:171,1
LF:13
LH:13
BRF:0
BRH:0
end_of_record
TN:
SF:src\services\limit.service.js
FN:39,(anonymous_0)
FN:46,(anonymous_1)
FN:114,(anonymous_2)
FN:137,(anonymous_3)
FN:155,(anonymous_4)
FN:193,(anonymous_5)
FN:208,(anonymous_6)
FN:216,(anonymous_7)
FNF:8
FNH:8
FNDA:5,(anonymous_0)
FNDA:4,(anonymous_1)
FNDA:3,(anonymous_2)
FNDA:5,(anonymous_3)
FNDA:2,(anonymous_4)
FNDA:2,(anonymous_5)
FNDA:3,(anonymous_6)
FNDA:1,(anonymous_7)
DA:1,11
DA:5,11
DA:40,5
DA:47,4
DA:48,4
DA:49,1
DA:53,3
DA:55,3
DA:57,3
DA:59,1
DA:60,1
DA:68,0
DA:71,0
DA:72,0
DA:80,0
DA:83,0
DA:84,0
DA:92,0
DA:95,1
DA:96,0
DA:102,1
DA:105,1
DA:108,1
DA:115,3
DA:116,3
DA:118,3
DA:120,1
DA:121,1
DA:123,1
DA:124,1
DA:126,1
DA:127,1
DA:130,3
DA:131,3
DA:138,5
DA:139,5
DA:142,5
DA:144,1
DA:145,1
DA:146,1
DA:147,1
DA:148,1
DA:156,2
DA:157,2
DA:159,1
DA:161,1
DA:163,1
DA:194,2
DA:195,2
DA:196,1
DA:199,1
DA:201,1
DA:208,3
DA:210,1
DA:211,1
DA:212,1
DA:216,1
DA:220,0
DA:224,11
LF:59
LH:50
BRDA:40,0,0,5
BRDA:40,0,1,1
BRDA:48,1,0,1
BRDA:48,1,1,3
BRDA:57,2,0,1
BRDA:57,2,1,0
BRDA:57,2,2,0
BRDA:57,2,3,1
BRDA:57,2,4,1
BRDA:59,3,0,1
BRDA:59,3,1,0
BRDA:71,4,0,0
BRDA:71,4,1,0
BRDA:83,5,0,0
BRDA:83,5,1,0
BRDA:95,6,0,0
BRDA:95,6,1,1
BRDA:114,7,0,0
BRDA:116,8,0,0
BRDA:116,8,1,3
BRDA:118,9,0,1
BRDA:118,9,1,1
BRDA:118,9,2,1
BRDA:142,10,0,1
BRDA:142,10,1,4
BRDA:142,11,0,5
BRDA:142,11,1,4
BRDA:157,12,0,1
BRDA:157,12,1,1
BRDA:195,13,0,1
BRDA:195,13,1,1
BRDA:195,14,0,2
BRDA:195,14,1,2
BRDA:210,15,0,1
BRDA:210,15,1,0
BRDA:211,16,0,1
BRDA:211,16,1,0
BRF:37
BRH:25
end_of_record
TN:
SF:src\utils\helpers.js
FN:6,(anonymous_0)
FN:13,(anonymous_1)
FN:22,(anonymous_2)
FN:78,(anonymous_3)
FN:105,(anonymous_4)
FN:115,(anonymous_5)
FN:125,(anonymous_6)
FN:140,(anonymous_7)
FN:157,(anonymous_8)
FN:164,(anonymous_9)
FNF:10
FNH:10
FNDA:3,(anonymous_0)
FNDA:1,(anonymous_1)
FNDA:10,(anonymous_2)
FNDA:6,(anonymous_3)
FNDA:1,(anonymous_4)
FNDA:2,(anonymous_5)
FNDA:4,(anonymous_6)
FNDA:1,(anonymous_7)
FNDA:2,(anonymous_8)
FNDA:3,(anonymous_9)
DA:1,5
DA:6,5
DA:7,3
DA:13,5
DA:14,1
DA:22,5
DA:23,10
DA:26,9
DA:27,9
DA:28,1
DA:32,8
DA:33,8
DA:35,8
DA:36,1
DA:39,7
DA:40,2
DA:41,2
DA:42,2
DA:45,5
DA:46,1
DA:47,1
DA:48,1
DA:51,4
DA:52,1
DA:53,1
DA:54,1
DA:58,3
DA:59,3
DA:60,15
DA:61,2
DA:62,2
DA:63,2
DA:64,2
DA:66,2
DA:67,2
DA:68,2
DA:72,1
DA:78,5
DA:79,6
DA:81,5
DA:83,5
DA:85,1
DA:87,1
DA:94,1
DA:96,1
DA:98,1
DA:105,5
DA:106,1
DA:107,1
DA:108,1
DA:109,1
DA:115,5
DA:116,2
DA:125,5
DA:126,4
DA:127,4
DA:128,4
DA:130,4
DA:140,5
DA:141,1
DA:157,5
DA:158,2
DA:164,5
DA:165,3
DA:166,3
DA:169,5
LF:66
LH:66
BRDA:6,0,0,1
BRDA:23,1,0,1
BRDA:23,1,1,9
BRDA:27,2,0,1
BRDA:27,2,1,8
BRDA:35,3,0,1
BRDA:35,3,1,7
BRDA:39,4,0,2
BRDA:39,4,1,5
BRDA:45,5,0,1
BRDA:45,5,1,4
BRDA:51,6,0,1
BRDA:51,6,1,3
BRDA:60,7,0,2
BRDA:60,7,1,13
BRDA:64,8,0,1
BRDA:64,8,1,1
BRDA:78,9,0,1
BRDA:79,10,0,1
BRDA:79,10,1,5
BRDA:83,11,0,1
BRDA:83,11,1,1
BRDA:83,11,2,1
BRDA:83,11,3,1
BRDA:83,11,4,1
BRDA:125,12,0,1
BRDA:125,13,0,1
BRF:27
BRH:27
end_of_record
TN:
SF:src\utils\jwt.js
FN:6,(anonymous_0)
FN:17,(anonymous_1)
FN:24,(anonymous_2)
FNF:3
FNH:3
FNDA:3,(anonymous_0)
FNDA:3,(anonymous_1)
FNDA:1,(anonymous_2)
DA:1,1
DA:6,1
DA:7,3
DA:17,1
DA:18,3
DA:24,1
DA:25,1
DA:28,1
LF:8
LH:8
BRDA:10,0,0,3
BRDA:10,0,1,1
BRF:2
BRH:2
end_of_record
